        0.001389     0.0000E+00     0.0000E+00
        0.002778    -0.1098E-02    -0.6461E-04
        0.004167     0.1401E+01     0.2303E+00
        0.005556    -0.2077E+02    -0.1355E+02
        0.006944     0.4261E+02     0.9253E+02
        0.008333    -0.3532E+02    -0.1847E+03
        0.009722     0.1388E+02     0.1641E+03
        0.011111     0.6441E+02    -0.6977E+02
        0.012500    -0.4797E+02    -0.2831E+03
        0.013889     0.1958E+02     0.2839E+03
        0.015278     0.7259E+02    -0.1349E+03
        0.016667    -0.4615E+02    -0.3594E+03
        0.018056     0.1814E+02     0.2973E+03
        0.019444     0.7630E+02    -0.1293E+03
        0.020833    -0.4306E+02    -0.4111E+03
        0.022222     0.1695E+02     0.2772E+03
        0.023611     0.7810E+02    -0.1105E+03
        0.025000    -0.4100E+02    -0.4330E+03
        0.026389     0.1602E+02     0.2598E+03
        0.027778     0.7864E+02    -0.9534E+02
        0.029167    -0.4016E+02    -0.4383E+03
        0.030556     0.1484E+02     0.2520E+03
        0.031944     0.7824E+02    -0.8352E+02
        0.033333    -0.4032E+02    -0.4350E+03
        0.034722     0.1302E+02     0.2525E+03
        0.036111     0.7695E+02    -0.7170E+02
        0.037500    -0.4139E+02    -0.4262E+03
        0.038889     0.1032E+02     0.2592E+03
        0.040278     0.7488E+02    -0.5817E+02
        0.041667    -0.4313E+02    -0.4140E+03
        0.043056     0.7278E+01     0.2694E+03
        0.044444     0.7266E+02    -0.4417E+02
        0.045833    -0.4496E+02    -0.4011E+03
        0.047222     0.4455E+01     0.2804E+03
        0.048611     0.7057E+02    -0.3146E+02
        0.050000    -0.4675E+02    -0.3894E+03
        0.051389     0.1253E+01     0.2904E+03
        0.052778     0.6809E+02    -0.2122E+02
        0.054167    -0.4901E+02    -0.3805E+03
        0.055556    -0.4012E+01     0.2978E+03
        0.056944     0.6415E+02    -0.1565E+02
        0.058333    -0.5271E+02    -0.3765E+03
        0.059722    -0.1660E+02     0.3008E+03
        0.061111     0.5649E+02    -0.1641E+02
        0.062500    -0.5945E+02    -0.3782E+03
        0.063889    -0.8827E+02     0.2996E+03
        0.065278     0.2741E+02    -0.1991E+02
        0.066667    -0.6364E+02    -0.3808E+03
        0.068056    -0.1281E+03     0.2990E+03
        0.069444    -0.5430E+01    -0.1847E+02
        0.070833    -0.8381E+02    -0.3779E+03
        0.072222    -0.1569E+03     0.3034E+03
        0.073611    -0.3499E+02    -0.1118E+02
        0.075000    -0.1118E+03    -0.3708E+03
        0.076389    -0.1844E+03     0.3098E+03
        0.077778    -0.5942E+02    -0.5405E+01
        0.079167    -0.1336E+03    -0.3661E+03
        0.080556    -0.2036E+03     0.3136E+03
        0.081944    -0.7531E+02    -0.4288E+01
        0.083333    -0.1465E+03    -0.3654E+03
        0.084722    -0.2141E+03     0.3139E+03
        0.086111    -0.8326E+02    -0.7645E+01
        0.087500    -0.1519E+03    -0.3693E+03
        0.088889    -0.2173E+03     0.3100E+03
        0.090278    -0.8467E+02    -0.1611E+02
        0.091667    -0.1510E+03    -0.3783E+03
        0.093056    -0.2147E+03     0.3016E+03
        0.094444    -0.8117E+02    -0.2883E+02
        0.095833    -0.1458E+03    -0.3914E+03
        0.097222    -0.2085E+03     0.2900E+03
        0.098611    -0.7455E+02    -0.4379E+02
        0.100000    -0.1378E+03    -0.4062E+03
        0.101389    -0.1996E+03     0.2772E+03
        0.102778    -0.6549E+02    -0.5781E+02
        0.104167    -0.1269E+03    -0.4194E+03
        0.105556    -0.1877E+03     0.2663E+03
        0.106944    -0.5366E+02    -0.6744E+02
        0.108333    -0.1125E+03    -0.4274E+03
        0.109722    -0.1721E+03     0.2605E+03
        0.111111    -0.3847E+02    -0.6913E+02
        0.112500    -0.9289E+02    -0.4268E+03
        0.113889    -0.1513E+03     0.2626E+03
        0.115278    -0.1857E+02    -0.6027E+02
        0.116667    -0.6379E+02    -0.4156E+03
        0.118056    -0.1230E+03     0.2739E+03
        0.119444     0.7948E+01    -0.4107E+02
        0.120833     0.3005E+02    -0.3950E+03
        0.122222    -0.7797E+02     0.2932E+03
        0.123611     0.3199E+02    -0.1376E+02
        0.125000     0.1046E+03    -0.3676E+03
        0.126389    -0.2008E+02     0.3177E+03
        0.127778     0.6856E+02     0.1796E+02
        0.129167     0.1503E+03    -0.3375E+03
        0.130556     0.2765E+02     0.3439E+03
        0.131944     0.1133E+03     0.4901E+02
        0.133333     0.1937E+03    -0.3093E+03
        0.134722     0.6968E+02     0.3675E+03
        0.136111     0.1530E+03     0.7423E+02
        0.137500     0.2306E+03    -0.2873E+03
        0.138889     0.1043E+03     0.3856E+03
        0.140278     0.1841E+03     0.9228E+02
        0.141667     0.2581E+03    -0.2713E+03
        0.143056     0.1293E+03     0.3990E+03
        0.144444     0.2052E+03     0.1070E+03
        0.145833     0.2756E+03    -0.2573E+03
        0.147222     0.1449E+03     0.4113E+03
        0.148611     0.2174E+03     0.1242E+03
        0.150000     0.2848E+03    -0.2408E+03
        0.151389     0.1532E+03     0.4259E+03
        0.152778     0.2230E+03     0.1472E+03
        0.154167     0.2883E+03    -0.2202E+03
        0.155556     0.1566E+03     0.4435E+03
        0.156944     0.2246E+03     0.1756E+03
        0.158333     0.2882E+03    -0.1968E+03
        0.159722     0.1568E+03     0.4627E+03
        0.161111     0.2230E+03     0.2069E+03
        0.162500     0.2851E+03    -0.1735E+03
        0.163889     0.1540E+03     0.4807E+03
        0.165278     0.2184E+03     0.2378E+03
        0.166667     0.2790E+03    -0.1532E+03
        0.168056     0.1485E+03     0.4953E+03
        0.169444     0.2112E+03     0.2663E+03
        0.170833     0.2706E+03    -0.1371E+03
        0.172222     0.1409E+03     0.5055E+03
        0.173611     0.2021E+03     0.2941E+03
        0.175000     0.2604E+03    -0.1241E+03
        0.176389     0.1318E+03     0.5120E+03
        0.177778     0.1913E+03     0.3273E+03
        0.179167     0.2486E+03    -0.1126E+03
        0.180556     0.1215E+03     0.5149E+03
        0.181944     0.1800E+03     0.3838E+03
        0.183333     0.2371E+03    -0.1017E+03
        0.184722     0.1123E+03     0.5084E+03
        0.186111     0.1715E+03     0.5792E+03
        0.187500     0.2294E+03    -0.7138E+02
        0.188889     0.1071E+03     0.4479E+03
        0.190278     0.1676E+03     0.7007E+03
        0.191667     0.2265E+03    -0.1720E+02
        0.193056     0.1061E+03     0.3990E+03
        0.194444     0.1673E+03     0.7286E+03
        0.195833     0.2265E+03     0.1949E+02
        0.197222     0.1077E+03     0.3858E+03
        0.198611     0.1692E+03     0.7348E+03
        0.200000     0.2285E+03     0.3804E+02
        0.201389     0.1110E+03     0.3854E+03
        0.202778     0.1726E+03     0.7348E+03
        0.204167     0.2318E+03     0.4313E+02
        0.205556     0.1155E+03     0.3820E+03
        0.206944     0.1769E+03     0.7275E+03
        0.208333     0.2358E+03     0.3731E+02
        0.209722     0.1204E+03     0.3690E+03
        0.211111     0.1815E+03     0.7109E+03
        0.212500     0.2401E+03     0.2124E+02
        0.213889     0.1256E+03     0.3454E+03
        0.215278     0.1865E+03     0.6847E+03
        0.216667     0.2449E+03    -0.3314E+01
        0.218056     0.1314E+03     0.3143E+03
        0.219444     0.1923E+03     0.6531E+03
        0.220833     0.2505E+03    -0.3184E+02
        0.222222     0.1380E+03     0.2816E+03
        0.223611     0.1985E+03     0.6212E+03
        0.225000     0.2562E+03    -0.6023E+02
        0.226389     0.1443E+03     0.2501E+03
        0.227778     0.2036E+03     0.5905E+03
        0.229167     0.2598E+03    -0.8780E+02
        0.230556     0.1477E+03     0.2185E+03
        0.231944     0.2045E+03     0.5594E+03
        0.233333     0.2582E+03    -0.1163E+03
        0.234722     0.1453E+03     0.1840E+03
        0.236111     0.1989E+03     0.5252E+03
        0.237500     0.2500E+03    -0.1481E+03
        0.238889     0.1371E+03     0.1432E+03
        0.240278     0.1883E+03     0.4847E+03
        0.241667     0.2383E+03    -0.1862E+03
        0.243056     0.1267E+03     0.9253E+02
        0.244444     0.1775E+03     0.4359E+03
        0.245833     0.2276E+03    -0.2315E+03
        0.247222     0.1177E+03     0.3206E+02
        0.248611     0.1682E+03     0.3814E+03
        0.250000     0.2177E+03    -0.2800E+03
        0.251389     0.1086E+03    -0.2990E+02
        0.252778     0.1566E+03     0.3301E+03
        0.254167     0.2041E+03    -0.3240E+03
        0.255556     0.9520E+02    -0.8262E+02
        0.256944     0.1387E+03     0.2893E+03
        0.258333     0.1839E+03    -0.3582E+03
        0.259722     0.7610E+02    -0.1215E+03
        0.261111     0.1147E+03     0.2603E+03
        0.262500     0.1592E+03    -0.3824E+03
        0.263889     0.5355E+02    -0.1473E+03
        0.265278     0.8707E+02     0.2412E+03
        0.266667     0.1329E+03    -0.3983E+03
        0.268056     0.2972E+02    -0.1617E+03
        0.269444     0.5310E+02     0.2304E+03
        0.270833     0.1051E+03    -0.4076E+03
        0.272222     0.5233E+01    -0.1670E+03
        0.273611    -0.2851E+02     0.2258E+03
        0.275000     0.6169E+02    -0.4120E+03
        0.276389    -0.1358E+02    -0.1661E+03
        0.277778    -0.7296E+02     0.2256E+03
        0.279167     0.2141E+02    -0.4135E+03
        0.280556    -0.4503E+02    -0.1618E+03
        0.281944    -0.1097E+03     0.2275E+03
        0.283333    -0.1600E+02    -0.4134E+03
        0.284722    -0.8295E+02    -0.1571E+03
        0.286111    -0.1479E+03     0.2296E+03
        0.287500    -0.5238E+02    -0.4136E+03
        0.288889    -0.1194E+03    -0.1549E+03
        0.290278    -0.1838E+03     0.2298E+03
        0.291667    -0.8598E+02    -0.4154E+03
        0.293056    -0.1524E+03    -0.1570E+03
        0.294444    -0.2160E+03     0.2269E+03
        0.295833    -0.1159E+03    -0.4196E+03
        0.297222    -0.1818E+03    -0.1639E+03
        0.298611    -0.2446E+03     0.2209E+03
        0.300000    -0.1425E+03    -0.4263E+03
        0.301389    -0.2081E+03    -0.1750E+03
        0.302778    -0.2707E+03     0.2123E+03
        0.304167    -0.1669E+03    -0.4349E+03
        0.305556    -0.2328E+03    -0.1885E+03
        0.306944    -0.2955E+03     0.2027E+03
        0.308333    -0.1906E+03    -0.4439E+03
        0.309722    -0.2568E+03    -0.2012E+03
        0.311111    -0.3196E+03     0.1945E+03
        0.312500    -0.2133E+03    -0.4513E+03
        0.313889    -0.2793E+03    -0.2099E+03
        0.315278    -0.3415E+03     0.1891E+03
        0.316667    -0.2324E+03    -0.4565E+03
        0.318056    -0.2974E+03    -0.2147E+03
        0.319444    -0.3582E+03     0.1857E+03
        0.320833    -0.2451E+03    -0.4609E+03
        0.322222    -0.3088E+03    -0.2201E+03
        0.323611    -0.3682E+03     0.1808E+03
        0.325000    -0.2505E+03    -0.4676E+03
        0.326389    -0.3129E+03    -0.2321E+03
        0.327778    -0.3709E+03     0.1709E+03
        0.329167    -0.2489E+03    -0.4787E+03
        0.330556    -0.3098E+03    -0.2550E+03
        0.331944    -0.3664E+03     0.1549E+03
        0.333333    -0.2402E+03    -0.4939E+03
        0.334722    -0.2995E+03    -0.2897E+03
        0.336111    -0.3548E+03     0.1347E+03
        0.337500    -0.2256E+03    -0.5105E+03
        0.338889    -0.2839E+03    -0.3387E+03
        0.340278    -0.3392E+03     0.1128E+03
        0.341667    -0.2086E+03    -0.5239E+03
        0.343056    -0.2674E+03    -0.4547E+03
        0.344444    -0.3235E+03     0.8639E+02
        0.345833    -0.1924E+03    -0.5142E+03
        0.347222    -0.2524E+03    -0.6720E+03
        0.348611    -0.3098E+03     0.2116E+02
        0.350000    -0.1784E+03    -0.4647E+03
        0.351389    -0.2400E+03    -0.7726E+03
        0.352778    -0.2992E+03    -0.4568E+02
        0.354167    -0.1677E+03    -0.4475E+03
        0.355556    -0.2314E+03    -0.8073E+03
        0.356944    -0.2925E+03    -0.8673E+02
        0.358333    -0.1605E+03    -0.4541E+03
        0.359722    -0.2262E+03    -0.8227E+03
        0.361111    -0.2890E+03    -0.1046E+03
        0.362500    -0.1562E+03    -0.4598E+03
        0.363889    -0.2235E+03    -0.8247E+03
        0.365278    -0.2876E+03    -0.1044E+03
        0.366667    -0.1536E+03    -0.4546E+03
        0.368056    -0.2221E+03    -0.8142E+03
        0.369444    -0.2871E+03    -0.9104E+02
        0.370833    -0.1517E+03    -0.4378E+03
        0.372222    -0.2208E+03    -0.7930E+03
        0.373611    -0.2862E+03    -0.6829E+02
        0.375000    -0.1489E+03    -0.4126E+03
        0.376389    -0.2181E+03    -0.7649E+03
        0.377778    -0.2834E+03    -0.4028E+02
        0.379167    -0.1444E+03    -0.3836E+03
        0.380556    -0.2133E+03    -0.7345E+03
        0.381944    -0.2786E+03    -0.1088E+02
        0.383333    -0.1382E+03    -0.3539E+03
        0.384722    -0.2070E+03    -0.7034E+03
        0.386111    -0.2723E+03     0.1948E+02
        0.387500    -0.1308E+03    -0.3218E+03
        0.388889    -0.1993E+03    -0.6691E+03
        0.390278    -0.2644E+03     0.5306E+02
        0.391667    -0.1220E+03    -0.2843E+03
        0.393056    -0.1900E+03    -0.6289E+03
        0.394444    -0.2551E+03     0.9219E+02
        0.395833    -0.1123E+03    -0.2391E+03
        0.397222    -0.1811E+03    -0.5804E+03
        0.398611    -0.2474E+03     0.1389E+03
        0.400000    -0.1051E+03    -0.1831E+03
        0.401389    -0.1770E+03    -0.5207E+03
        0.402778    -0.2460E+03     0.1956E+03
        0.404167    -0.1041E+03    -0.1150E+03
        0.405556    -0.1795E+03    -0.4511E+03
        0.406944    -0.2508E+03     0.2591E+03
        0.408333    -0.1078E+03    -0.4454E+02
        0.409722    -0.1842E+03    -0.3841E+03
        0.411111    -0.2555E+03     0.3173E+03
        0.412500    -0.1100E+03     0.1197E+02
        0.413889    -0.1844E+03    -0.3328E+03
        0.415278    -0.2537E+03     0.3614E+03
        0.416667    -0.1059E+03     0.4975E+02
        0.418056    -0.1774E+03    -0.2984E+03
        0.419444    -0.2448E+03     0.3911E+03
        0.420833    -0.9576E+02     0.7137E+02
        0.422222    -0.1653E+03    -0.2795E+03
        0.423611    -0.2315E+03     0.4068E+03
        0.425000    -0.8202E+02     0.7673E+02
        0.426389    -0.1498E+03    -0.2765E+03
        0.427778    -0.2152E+03     0.4087E+03
        0.429167    -0.6570E+02     0.6774E+02
        0.430556    -0.1317E+03    -0.2870E+03
        0.431944    -0.1964E+03     0.3990E+03
        0.433333    -0.4763E+02     0.4862E+02
        0.434722    -0.1123E+03    -0.3073E+03
        0.436111    -0.1774E+03     0.3811E+03
        0.437500    -0.2988E+02     0.2337E+02
        0.438889    -0.9470E+02    -0.3335E+03
        0.440278    -0.1610E+03     0.3580E+03
        0.441667    -0.1492E+02    -0.4745E+01
        0.443056    -0.8148E+02    -0.3625E+03
        0.444444    -0.1494E+03     0.3327E+03
        0.445833    -0.4351E+01    -0.3331E+02
        0.447222    -0.7339E+02    -0.3915E+03
        0.448611    -0.1427E+03     0.3074E+03
        0.450000     0.2007E+01    -0.6059E+02
        0.451389    -0.6869E+02    -0.4187E+03
        0.452778    -0.1385E+03     0.2838E+03
        0.454167     0.6555E+01    -0.8521E+02
        0.455556    -0.6322E+02    -0.4427E+03
        0.456944    -0.1322E+03     0.2630E+03
        0.458333     0.1341E+02    -0.1066E+03
        0.459722    -0.5186E+02    -0.4634E+03
        0.461111    -0.1194E+03     0.2449E+03
        0.462500     0.2609E+02    -0.1254E+03
        0.463889    -0.3098E+02    -0.4816E+03
        0.465278    -0.9952E+02     0.2289E+03
        0.466667     0.4438E+02    -0.1424E+03
        0.468056     0.5160E+00    -0.4980E+03
        0.469444    -0.7759E+02     0.2147E+03
        0.470833     0.6311E+02    -0.1569E+03
        0.472222     0.8861E+02    -0.5114E+03
        0.473611    -0.4437E+02     0.2036E+03
        0.475000     0.6815E+02    -0.1665E+03
        0.476389     0.1344E+03    -0.5189E+03
        0.477778    -0.1364E+02     0.1986E+03
        0.479167     0.7332E+02    -0.1674E+03
        0.480556     0.1480E+03    -0.5162E+03
        0.481944     0.1228E+01     0.2031E+03
        0.483333     0.8022E+02    -0.1566E+03
        0.484722     0.1540E+03    -0.5010E+03
        0.486111     0.6970E+01     0.2187E+03
        0.487500     0.8099E+02    -0.1339E+03
        0.488889     0.1520E+03    -0.4742E+03
        0.490278     0.4673E+01     0.2445E+03
        0.491667     0.7395E+02    -0.1014E+03
        0.493056     0.1427E+03    -0.4384E+03
        0.494444    -0.4161E+01     0.2777E+03
        0.495833     0.6101E+02    -0.6189E+02
        0.497222     0.1290E+03    -0.3967E+03
        0.498611    -0.1665E+02     0.3157E+03
        0.500000     0.4608E+02    -0.1818E+02
        0.501389     0.1150E+03    -0.3518E+03
        0.502778    -0.2901E+02     0.3557E+03
        0.504167     0.3407E+02     0.2611E+02
        0.505556     0.1048E+03    -0.3078E+03
        0.506944    -0.3785E+02     0.3943E+03
        0.508333     0.2809E+02     0.6622E+02
        0.509722     0.1000E+03    -0.2694E+03
        0.511111    -0.4192E+02     0.4274E+03
        0.512500     0.2712E+02     0.9828E+02
        0.513889     0.9939E+02    -0.2397E+03
        0.515278    -0.4247E+02     0.4526E+03
        0.516667     0.2817E+02     0.1202E+03
        0.518056     0.1002E+03    -0.2200E+03
        0.519444    -0.4182E+02     0.4690E+03
        0.520833     0.2835E+02     0.1326E+03
        0.522222     0.9962E+02    -0.2089E+03
        0.523611    -0.4253E+02     0.4783E+03
        0.525000     0.2473E+02     0.1392E+03
        0.526389     0.9492E+02    -0.2024E+03
        0.527778    -0.4691E+02     0.4841E+03
        0.529167     0.1534E+02     0.1446E+03
        0.530556     0.8575E+02    -0.1967E+03
        0.531944    -0.5476E+02     0.4889E+03
        0.533333     0.3575E+01     0.1499E+03
        0.534722     0.7680E+02    -0.1914E+03
        0.536111    -0.6160E+02     0.4928E+03
        0.537500    -0.1812E+01     0.1532E+03
        0.538889     0.7395E+02    -0.1889E+03
        0.540278    -0.6296E+02     0.4939E+03
        0.541667     0.3553E+01     0.1527E+03
        0.543056     0.7967E+02    -0.1903E+03
        0.544444    -0.5703E+02     0.4916E+03
        0.545833     0.1810E+02     0.1489E+03
        0.547222     0.9475E+02    -0.1947E+03
        0.548611    -0.4248E+02     0.4869E+03
        0.550000     0.4013E+02     0.1435E+03
        0.551389     0.1191E+03    -0.2005E+03
        0.552778    -0.1901E+02     0.4807E+03
        0.554167     0.6831E+02     0.1371E+03
        0.555556     0.1500E+03    -0.2074E+03
        0.556944     0.1113E+02     0.4737E+03
        0.558333     0.1006E+03     0.1303E+03
        0.559722     0.1839E+03    -0.2144E+03
        0.561111     0.4442E+02     0.4666E+03
        0.562500     0.1343E+03     0.1247E+03
        0.563889     0.2179E+03    -0.2195E+03
        0.565278     0.7801E+02     0.4616E+03
        0.566667     0.1672E+03     0.1229E+03
        0.568056     0.2499E+03    -0.2201E+03
        0.569444     0.1098E+03     0.4608E+03
        0.570833     0.1976E+03     0.1276E+03
        0.572222     0.2789E+03    -0.2137E+03
        0.573611     0.1388E+03     0.4662E+03
        0.575000     0.2248E+03     0.1403E+03
        0.576389     0.3044E+03    -0.1997E+03
        0.577778     0.1646E+03     0.4782E+03
        0.579167     0.2489E+03     0.1612E+03
        0.580556     0.3269E+03    -0.1786E+03
        0.581944     0.1879E+03     0.4960E+03
        0.583333     0.2709E+03     0.1881E+03
        0.584722     0.3477E+03    -0.1530E+03
        0.586111     0.2102E+03     0.5173E+03
        0.587500     0.2922E+03     0.2190E+03
        0.588889     0.3682E+03    -0.1252E+03
        0.590278     0.2329E+03     0.5402E+03
        0.591667     0.3141E+03     0.2529E+03
        0.593056     0.3894E+03    -0.9667E+02
        0.594444     0.2566E+03     0.5636E+03
        0.595833     0.3367E+03     0.2909E+03
        0.597222     0.4108E+03    -0.6752E+02
        0.598611     0.2804E+03     0.5871E+03
        0.600000     0.3585E+03     0.3345E+03
        0.601389     0.4305E+03    -0.3869E+02
        0.602778     0.3018E+03     0.6091E+03
        0.604167     0.3773E+03     0.3874E+03
        0.605556     0.4465E+03    -0.1106E+02
        0.606944     0.3186E+03     0.6279E+03
        0.608333     0.3910E+03     0.4665E+03
        0.609722     0.4572E+03     0.1341E+02
        0.611111     0.3297E+03     0.6364E+03
        0.612500     0.3990E+03     0.7089E+03
        0.613889     0.4624E+03     0.5587E+02
        0.615278     0.3355E+03     0.5863E+03
        0.616667     0.4021E+03     0.8583E+03
        0.618056     0.4631E+03     0.1328E+03
        0.619444     0.3370E+03     0.5593E+03
        0.620833     0.4012E+03     0.9024E+03
        0.622222     0.4600E+03     0.1892E+03
        0.623611     0.3348E+03     0.5716E+03
        0.625000     0.3969E+03     0.9258E+03
        0.626389     0.4540E+03     0.2241E+03
        0.627778     0.3304E+03     0.5906E+03
        0.629167     0.3908E+03     0.9415E+03
        0.630556     0.4467E+03     0.2430E+03
        0.631944     0.3250E+03     0.5999E+03
        0.633333     0.3842E+03     0.9461E+03
        0.634722     0.4393E+03     0.2487E+03
        0.636111     0.3203E+03     0.5964E+03
        0.637500     0.3788E+03     0.9386E+03
        0.638889     0.4333E+03     0.2419E+03
        0.640278     0.3174E+03     0.5803E+03
        0.641667     0.3752E+03     0.9195E+03
        0.643056     0.4293E+03     0.2245E+03
        0.644444     0.3168E+03     0.5545E+03
        0.645833     0.3738E+03     0.8919E+03
        0.647222     0.4271E+03     0.1998E+03
        0.648611     0.3176E+03     0.5232E+03
        0.650000     0.3735E+03     0.8599E+03
        0.651389     0.4255E+03     0.1714E+03
        0.652778     0.3184E+03     0.4883E+03
        0.654167     0.3727E+03     0.8257E+03
        0.655556     0.4231E+03     0.1420E+03
        0.656944     0.3171E+03     0.4532E+03
        0.658333     0.3694E+03     0.7908E+03
        0.659722     0.4177E+03     0.1110E+03
        0.661111     0.3118E+03     0.4156E+03
        0.662500     0.3621E+03     0.7532E+03
        0.663889     0.4090E+03     0.7764E+02
        0.665278     0.3038E+03     0.3747E+03
        0.666667     0.3533E+03     0.7122E+03
        0.668056     0.3998E+03     0.4065E+02
        0.669444     0.2978E+03     0.3281E+03
        0.670833     0.3475E+03     0.6655E+03
        0.672222     0.3945E+03    -0.2061E+01
        0.673611     0.2972E+03     0.2742E+03
        0.675000     0.3466E+03     0.6136E+03
        0.676389     0.3930E+03    -0.4823E+02
        0.677778     0.2988E+03     0.2202E+03
        0.679167     0.3466E+03     0.5645E+03
        0.680556     0.3910E+03    -0.9011E+02
        0.681944     0.2969E+03     0.1749E+03
        0.683333     0.3426E+03     0.5246E+03
        0.684722     0.3849E+03    -0.1238E+03
        0.686111     0.2901E+03     0.1408E+03
        0.687500     0.3341E+03     0.4949E+03
        0.688889     0.3752E+03    -0.1488E+03
        0.690278     0.2804E+03     0.1159E+03
        0.691667     0.3232E+03     0.4733E+03
        0.693056     0.3632E+03    -0.1669E+03
        0.694444     0.2686E+03     0.9880E+02
        0.695833     0.3102E+03     0.4586E+03
        0.697222     0.3490E+03    -0.1788E+03
        0.698611     0.2542E+03     0.8857E+02
        0.700000     0.2942E+03     0.4499E+03
        0.701389     0.3316E+03    -0.1854E+03
        0.702778     0.2362E+03     0.8408E+02
        0.704167     0.2743E+03     0.4464E+03
        0.705556     0.3100E+03    -0.1874E+03
        0.706944     0.2143E+03     0.8458E+02
        0.708333     0.2501E+03     0.4471E+03
        0.709722     0.2843E+03    -0.1857E+03
        0.711111     0.1891E+03     0.8815E+02
        0.712500     0.2225E+03     0.4502E+03
        0.713889     0.2554E+03    -0.1823E+03
        0.715278     0.1614E+03     0.9206E+02
        0.716667     0.1924E+03     0.4531E+03
        0.718056     0.2243E+03    -0.1794E+03
        0.719444     0.1320E+03     0.9304E+02
        0.720833     0.1598E+03     0.4530E+03
        0.722222     0.1911E+03    -0.1796E+03
        0.723611     0.1010E+03     0.8838E+02
        0.725000     0.1236E+03     0.4476E+03
        0.726389     0.1555E+03    -0.1848E+03
        0.727778     0.6830E+02     0.7656E+02
        0.729167     0.7288E+02     0.4362E+03
        0.730556     0.1167E+03    -0.1953E+03
        0.731944     0.3534E+02     0.5796E+02
        0.733333    -0.7403E+01     0.4193E+03
        0.734722     0.6346E+02    -0.2106E+03
        0.736111     0.3727E+01     0.3377E+02
        0.737500    -0.5218E+02     0.3985E+03
        0.738889     0.1759E+02    -0.2289E+03
        0.740278    -0.4014E+02     0.6878E+01
        0.741667    -0.9702E+02     0.3762E+03
        0.743056    -0.2713E+02    -0.2484E+03
        0.744444    -0.8500E+02    -0.2131E+02
        0.745833    -0.1411E+03     0.3532E+03
        0.747222    -0.6968E+02    -0.2690E+03
        0.748611    -0.1264E+03    -0.5364E+02
        0.750000    -0.1809E+03     0.3274E+03
        0.751389    -0.1077E+03    -0.2922E+03
        0.752778    -0.1630E+03    -0.9466E+02
        0.754167    -0.2160E+03     0.2969E+03
        0.755556    -0.1411E+03    -0.3188E+03
        0.756944    -0.1949E+03    -0.1517E+03
        0.758333    -0.2464E+03     0.2607E+03
        0.759722    -0.1697E+03    -0.3471E+03
        0.761111    -0.2224E+03    -0.2530E+03
        0.762500    -0.2726E+03     0.2172E+03
        0.763889    -0.1942E+03    -0.3657E+03
        0.765278    -0.2459E+03    -0.4956E+03
        0.766667    -0.2952E+03     0.1357E+03
        0.768056    -0.2152E+03    -0.3333E+03
        0.769444    -0.2663E+03    -0.6341E+03
        0.770833    -0.3150E+03     0.3987E+02
        0.772222    -0.2336E+03    -0.3324E+03
        0.773611    -0.2845E+03    -0.6976E+03
        0.775000    -0.3329E+03    -0.3488E+02
        0.776389    -0.2504E+03    -0.3709E+03
        0.777778    -0.3014E+03    -0.7486E+03
        0.779167    -0.3498E+03    -0.9094E+02
        0.780556    -0.2663E+03    -0.4213E+03
        0.781944    -0.3174E+03    -0.7966E+03
        0.783333    -0.3661E+03    -0.1351E+03
        0.784722    -0.2816E+03    -0.4674E+03
        0.786111    -0.3330E+03    -0.8395E+03
        0.787500    -0.3819E+03    -0.1707E+03
        0.788889    -0.2958E+03    -0.5051E+03
        0.790278    -0.3476E+03    -0.8741E+03
        0.791667    -0.3965E+03    -0.1981E+03
        0.793056    -0.3077E+03    -0.5329E+03
        0.794444    -0.3599E+03    -0.8986E+03
        0.795833    -0.4092E+03    -0.2159E+03
        0.797222    -0.3171E+03    -0.5507E+03
        0.798611    -0.3702E+03    -0.9156E+03
        0.800000    -0.4206E+03    -0.2272E+03
        0.801389    -0.3262E+03    -0.5619E+03
        0.802778    -0.3805E+03    -0.9254E+03
        0.804167    -0.4320E+03    -0.2315E+03
        0.805556    -0.3357E+03    -0.5664E+03
        0.806944    -0.3909E+03    -0.9292E+03
        0.808333    -0.4431E+03    -0.2303E+03
        0.809722    -0.3432E+03    -0.5651E+03
        0.811111    -0.3993E+03    -0.9279E+03
        0.812500    -0.4522E+03    -0.2246E+03
        0.813889    -0.3487E+03    -0.5588E+03
        0.815278    -0.4060E+03    -0.9206E+03
        0.816667    -0.4604E+03    -0.2129E+03
        0.818056    -0.3556E+03    -0.5456E+03
        0.819444    -0.4151E+03    -0.9059E+03
        0.820833    -0.4720E+03    -0.1939E+03
        0.822222    -0.3696E+03    -0.5224E+03
        0.823611    -0.4314E+03    -0.8796E+03
        0.825000    -0.4910E+03    -0.1636E+03
        0.826389    -0.3946E+03    -0.4869E+03
        0.827778    -0.4569E+03    -0.8418E+03
        0.829167    -0.5166E+03    -0.1246E+03
        0.830556    -0.4251E+03    -0.4473E+03
        0.831944    -0.4859E+03    -0.8036E+03
        0.833333    -0.5438E+03    -0.8888E+02
        0.834722    -0.4523E+03    -0.4204E+03
        0.836111    -0.5126E+03    -0.7801E+03
        0.837500    -0.5693E+03    -0.6664E+02
        0.838889    -0.4731E+03    -0.4092E+03
        0.840278    -0.5345E+03    -0.7705E+03
        0.841667    -0.5921E+03    -0.5516E+02
        0.843056    -0.4921E+03    -0.4055E+03
        0.844444    -0.5546E+03    -0.7677E+03
        0.845833    -0.6126E+03    -0.4992E+02
        0.847222    -0.5049E+03    -0.4076E+03
        0.848611    -0.5695E+03    -0.7712E+03
        0.850000    -0.6290E+03    -0.5073E+02
        0.851389    -0.5110E+03    -0.4153E+03
        0.852778    -0.5783E+03    -0.7802E+03
        0.854167    -0.6396E+03    -0.5650E+02
        0.855556    -0.5111E+03    -0.4273E+03
        0.856944    -0.5811E+03    -0.7932E+03
        0.858333    -0.6451E+03    -0.6575E+02
        0.859722    -0.5090E+03    -0.4433E+03
        0.861111    -0.5814E+03    -0.8100E+03
        0.862500    -0.6478E+03    -0.7856E+02
        0.863889    -0.5056E+03    -0.4630E+03
        0.865278    -0.5809E+03    -0.8308E+03
        0.866667    -0.6500E+03    -0.9472E+02
        0.868056    -0.5032E+03    -0.4851E+03
        0.869444    -0.5811E+03    -0.8536E+03
        0.870833    -0.6525E+03    -0.1124E+03
        0.872222    -0.5005E+03    -0.5068E+03
        0.873611    -0.5804E+03    -0.8746E+03
        0.875000    -0.6532E+03    -0.1276E+03
        0.876389    -0.4944E+03    -0.5240E+03
        0.877778    -0.5761E+03    -0.8903E+03
        0.879167    -0.6500E+03    -0.1383E+03
        0.880556    -0.4832E+03    -0.5365E+03
        0.881944    -0.5654E+03    -0.9015E+03
        0.883333    -0.6387E+03    -0.1451E+03
        0.884722    -0.4624E+03    -0.5456E+03
        0.886111    -0.5441E+03    -0.9096E+03
        0.887500    -0.6167E+03    -0.1488E+03
        0.888889    -0.4324E+03    -0.5511E+03
        0.890278    -0.5133E+03    -0.9152E+03
        0.891667    -0.5852E+03    -0.1505E+03
        0.893056    -0.3955E+03    -0.5541E+03
        0.894444    -0.4764E+03    -0.9182E+03
        0.895833    -0.5489E+03    -0.1495E+03
        0.897222    -0.3569E+03    -0.5530E+03
        0.898611    -0.4395E+03    -0.9156E+03
        0.900000    -0.5136E+03    -0.1422E+03
        0.901389    -0.3204E+03    -0.5433E+03
        0.902778    -0.4052E+03    -0.9029E+03
        0.904167    -0.4812E+03    -0.1256E+03
        0.905556    -0.2872E+03    -0.5236E+03
        0.906944    -0.3742E+03    -0.8804E+03
        0.908333    -0.4525E+03    -0.1008E+03
        0.909722    -0.2585E+03    -0.4962E+03
        0.911111    -0.3491E+03    -0.8511E+03
        0.912500    -0.4303E+03    -0.7001E+02
        0.913889    -0.2360E+03    -0.4627E+03
        0.915278    -0.3299E+03    -0.8150E+03
        0.916667    -0.4137E+03    -0.3305E+02
        0.918056    -0.2184E+03    -0.4234E+03
        0.919444    -0.3144E+03    -0.7724E+03
        0.920833    -0.3996E+03     0.9257E+01
        0.922222    -0.2029E+03    -0.3798E+03
        0.923611    -0.3003E+03    -0.7257E+03
        0.925000    -0.3865E+03     0.5461E+02
        0.926389    -0.1884E+03    -0.3343E+03
        0.927778    -0.2868E+03    -0.6778E+03
        0.929167    -0.3733E+03     0.1003E+03
        0.930556    -0.1736E+03    -0.2895E+03
        0.931944    -0.2728E+03    -0.6320E+03
        0.933333    -0.3595E+03     0.1432E+03
        0.934722    -0.1587E+03    -0.2495E+03
        0.936111    -0.2590E+03    -0.5930E+03
        0.937500    -0.3467E+03     0.1792E+03
        0.938889    -0.1451E+03    -0.2181E+03
        0.940278    -0.2474E+03    -0.5640E+03
        0.941667    -0.3364E+03     0.2066E+03
        0.943056    -0.1341E+03    -0.1953E+03
        0.944444    -0.2386E+03    -0.5432E+03
        0.945833    -0.3292E+03     0.2268E+03
        0.947222    -0.1263E+03    -0.1787E+03
        0.948611    -0.2334E+03    -0.5284E+03
        0.950000    -0.3263E+03     0.2415E+03
        0.951389    -0.1227E+03    -0.1671E+03
        0.952778    -0.2324E+03    -0.5182E+03
        0.954167    -0.3270E+03     0.2522E+03
        0.955556    -0.1220E+03    -0.1588E+03
        0.956944    -0.2326E+03    -0.5108E+03
        0.958333    -0.3275E+03     0.2600E+03
        0.959722    -0.1205E+03    -0.1533E+03
        0.961111    -0.2308E+03    -0.5061E+03
        0.962500    -0.3250E+03     0.2653E+03
        0.963889    -0.1161E+03    -0.1506E+03
        0.965278    -0.2255E+03    -0.5041E+03
        0.966667    -0.3182E+03     0.2680E+03
        0.968056    -0.1075E+03    -0.1500E+03
        0.969444    -0.2153E+03    -0.5040E+03
        0.970833    -0.3061E+03     0.2692E+03
        0.972222    -0.9432E+02    -0.1507E+03
        0.973611    -0.2006E+03    -0.5052E+03
        0.975000    -0.2892E+03     0.2689E+03
        0.976389    -0.7698E+02    -0.1528E+03
        0.977778    -0.1819E+03    -0.5076E+03
        0.979167    -0.2683E+03     0.2676E+03
        0.980556    -0.5641E+02    -0.1556E+03
        0.981944    -0.1601E+03    -0.5104E+03
        0.983333    -0.2440E+03     0.2661E+03
        0.984722    -0.3310E+02    -0.1577E+03
        0.986111    -0.1361E+03    -0.5117E+03
        0.987500    -0.2174E+03     0.2662E+03
        0.988889    -0.8221E+01    -0.1568E+03
        0.990278    -0.1113E+03    -0.5088E+03
        0.991667    -0.1896E+03     0.2704E+03
        0.993056     0.1739E+02    -0.1504E+03
        0.994444    -0.8636E+02    -0.4991E+03
        0.995833    -0.1608E+03     0.2806E+03
        0.997222     0.4342E+02    -0.1372E+03
        0.998611    -0.6212E+02    -0.4817E+03
        1.000000    -0.1305E+03     0.2976E+03
        1.001389     0.7034E+02    -0.1173E+03
        1.002778    -0.3798E+02    -0.4570E+03
        1.004167    -0.9336E+02     0.3206E+03
        1.005556     0.1014E+03    -0.9173E+02
        1.006944    -0.1487E+02    -0.4264E+03
        1.008333     0.2613E+02     0.3486E+03
        1.009722     0.1589E+03    -0.6206E+02
        1.011111    -0.1704E+02    -0.3917E+03
        1.012500     0.1008E+03     0.3796E+03
        1.013889     0.2073E+03    -0.3042E+02
        1.015278     0.6937E+01    -0.3552E+03
        1.016667     0.1371E+03     0.4120E+03
        1.018056     0.2455E+03     0.2059E+01
        1.019444     0.3994E+02    -0.3178E+03
        1.020833     0.1674E+03     0.4447E+03
        1.022222     0.2759E+03     0.3467E+02
        1.023611     0.6860E+02    -0.2796E+03
        1.025000     0.1931E+03     0.4779E+03
        1.026389     0.2999E+03     0.6745E+02
        1.027778     0.9142E+02    -0.2406E+03
        1.029167     0.2135E+03     0.5116E+03
        1.030556     0.3182E+03     0.1005E+03
        1.031944     0.1089E+03    -0.2000E+03
        1.033333     0.2285E+03     0.5462E+03
        1.034722     0.3313E+03     0.1338E+03
        1.036111     0.1216E+03    -0.1576E+03
        1.037500     0.2392E+03     0.5819E+03
        1.038889     0.3404E+03     0.1671E+03
        1.040278     0.1314E+03    -0.1132E+03
        1.041667     0.2480E+03     0.6186E+03
        1.043056     0.3488E+03     0.1991E+03
        1.044444     0.1407E+03    -0.6787E+02
        1.045833     0.2568E+03     0.6547E+03
        1.047222     0.3574E+03     0.2266E+03
        1.048611     0.1505E+03    -0.2358E+02
        1.050000     0.2659E+03     0.6884E+03
        1.051389     0.3661E+03     0.2472E+03
        1.052778     0.1607E+03     0.1875E+02
        1.054167     0.2754E+03     0.7186E+03
        1.055556     0.3752E+03     0.2599E+03
        1.056944     0.1712E+03     0.6445E+02
        1.058333     0.2843E+03     0.7474E+03
        1.059722     0.3829E+03     0.2646E+03
        1.061111     0.1802E+03     0.1336E+03
        1.062500     0.2916E+03     0.7813E+03
        1.063889     0.3892E+03     0.2552E+03
        1.065278     0.1888E+03     0.3761E+03
        1.066667     0.3001E+03     0.8373E+03
        1.068056     0.3987E+03     0.1772E+03
        1.069444     0.2020E+03     0.5328E+03
        1.070833     0.3147E+03     0.8907E+03
        1.072222     0.4150E+03     0.1491E+03
        1.073611     0.2219E+03     0.5858E+03
        1.075000     0.3354E+03     0.9345E+03
        1.076389     0.4369E+03     0.1640E+03
        1.077778     0.2473E+03     0.6055E+03
        1.079167     0.3606E+03     0.9608E+03
        1.080556     0.4624E+03     0.1860E+03
        1.081944     0.2768E+03     0.6189E+03
        1.083333     0.3899E+03     0.9777E+03
        1.084722     0.4919E+03     0.2043E+03
        1.086111     0.3108E+03     0.6280E+03
        1.087500     0.4227E+03     0.9871E+03
        1.088889     0.5238E+03     0.2165E+03
        1.090278     0.3476E+03     0.6336E+03
        1.091667     0.4573E+03     0.9924E+03
        1.093056     0.5565E+03     0.2242E+03
        1.094444     0.3852E+03     0.6356E+03
        1.095833     0.4921E+03     0.9935E+03
        1.097222     0.5890E+03     0.2284E+03
        1.098611     0.4239E+03     0.6356E+03
        1.100000     0.5271E+03     0.9925E+03
        1.101389     0.6207E+03     0.2316E+03
        1.102778     0.4621E+03     0.6362E+03
        1.104167     0.5610E+03     0.9945E+03
        1.105556     0.6506E+03     0.2375E+03
        1.106944     0.4990E+03     0.6381E+03
        1.108333     0.5926E+03     0.9980E+03
        1.109722     0.6771E+03     0.2451E+03
        1.111111     0.5317E+03     0.6401E+03
        1.112500     0.6194E+03     0.9987E+03
        1.113889     0.6985E+03     0.2493E+03
        1.115278     0.5598E+03     0.6378E+03
        1.116667     0.6420E+03     0.9933E+03
        1.118056     0.7169E+03     0.2471E+03
        1.119444     0.5937E+03     0.6275E+03
        1.120833     0.6685E+03     0.9798E+03
        1.122222     0.7372E+03     0.2378E+03
        1.123611     0.6919E+03     0.6127E+03
        1.125000     0.7177E+03     0.9641E+03
        1.126389     0.7513E+03     0.2282E+03
        1.127778     0.7463E+03     0.6011E+03
        1.129167     0.7506E+03     0.9543E+03
        1.130556     0.7658E+03     0.2251E+03
        1.131944     0.7724E+03     0.5981E+03
        1.133333     0.7757E+03     0.9533E+03
        1.134722     0.7824E+03     0.2298E+03
        1.136111     0.7878E+03     0.6027E+03
        1.137500     0.7905E+03     0.9593E+03
        1.138889     0.7925E+03     0.2411E+03
        1.140278     0.7945E+03     0.6136E+03
        1.141667     0.7955E+03     0.9709E+03
        1.143056     0.7955E+03     0.2577E+03
        1.144444     0.7950E+03     0.6289E+03
        1.145833     0.7936E+03     0.9862E+03
        1.147222     0.7911E+03     0.2773E+03
        1.148611     0.7881E+03     0.6458E+03
        1.150000     0.7847E+03     0.1002E+04
        1.151389     0.7799E+03     0.2977E+03
        1.152778     0.7741E+03     0.6629E+03
        1.154167     0.7681E+03     0.1018E+04
        1.155556     0.7617E+03     0.3171E+03
        1.156944     0.7552E+03     0.6781E+03
        1.158333     0.7485E+03     0.1031E+04
        1.159722     0.7413E+03     0.3338E+03
        1.161111     0.7336E+03     0.6898E+03
        1.162500     0.7256E+03     0.1040E+04
        1.163889     0.7177E+03     0.3467E+03
        1.165278     0.7099E+03     0.6971E+03
        1.166667     0.7020E+03     0.1044E+04
        1.168056     0.6941E+03     0.3541E+03
        1.169444     0.6862E+03     0.6976E+03
        1.170833     0.6783E+03     0.1041E+04
        1.172222     0.6701E+03     0.3549E+03
        1.173611     0.6615E+03     0.6915E+03
        1.175000     0.6525E+03     0.1032E+04
        1.176389     0.6429E+03     0.3499E+03
        1.177778     0.6324E+03     0.6806E+03
        1.179167     0.6215E+03     0.1019E+04
        1.180556     0.6103E+03     0.3417E+03
        1.181944     0.5985E+03     0.6678E+03
        1.183333     0.5863E+03     0.1005E+04
        1.184722     0.5739E+03     0.3328E+03
        1.186111     0.5617E+03     0.6549E+03
        1.187500     0.5498E+03     0.9915E+03
        1.188889     0.5382E+03     0.3235E+03
        1.190278     0.5273E+03     0.6410E+03
        1.191667     0.5173E+03     0.9760E+03
        1.193056     0.5081E+03     0.3120E+03
        1.194444     0.4997E+03     0.6242E+03
        1.195833     0.4918E+03     0.9573E+03
        1.197222     0.4846E+03     0.2970E+03
        1.198611     0.4780E+03     0.6031E+03
        1.200000     0.4721E+03     0.9342E+03
        1.201389     0.4667E+03     0.2776E+03
        1.202778     0.4618E+03     0.5767E+03
        1.204167     0.4571E+03     0.9057E+03
        1.205556     0.4528E+03     0.2525E+03
        1.206944     0.4487E+03     0.5438E+03
        1.208333     0.4448E+03     0.8713E+03
        1.209722     0.4412E+03     0.2221E+03
        1.211111     0.4377E+03     0.5058E+03
        1.212500     0.4342E+03     0.8325E+03
        1.213889     0.4308E+03     0.1875E+03
        1.215278     0.4275E+03     0.4631E+03
        1.216667     0.4243E+03     0.7895E+03
        1.218056     0.4211E+03     0.1490E+03
        1.219444     0.4178E+03     0.4167E+03
        1.220833     0.4143E+03     0.7440E+03
        1.222222     0.4106E+03     0.1086E+03
        1.223611     0.4067E+03     0.3693E+03
        1.225000     0.4027E+03     0.6986E+03
        1.226389     0.3983E+03     0.6837E+02
        1.227778     0.3935E+03     0.3221E+03
        1.229167     0.3883E+03     0.6537E+03
        1.230556     0.3827E+03     0.2860E+02
        1.231944     0.3765E+03     0.2760E+03
        1.233333     0.3697E+03     0.6108E+03
        1.234722     0.3625E+03    -0.8892E+01
        1.236111     0.3547E+03     0.2329E+03
        1.237500     0.3466E+03     0.5712E+03
        1.238889     0.3380E+03    -0.4349E+02
        1.240278     0.3289E+03     0.1925E+03
        1.241667     0.3197E+03     0.5346E+03
        1.243056     0.3098E+03    -0.7524E+02
        1.244444     0.2996E+03     0.1551E+03
        1.245833     0.2896E+03     0.5011E+03
        1.247222     0.2786E+03    -0.1045E+03
        1.248611     0.2685E+03     0.1192E+03
        1.250000     0.2580E+03     0.4695E+03
        1.251389     0.2457E+03    -0.1320E+03
        1.252778     0.2391E+03     0.8443E+02
        1.254167     0.2029E+03     0.4395E+03
        1.255556     0.2228E+03    -0.1577E+03
        1.256944     0.2234E+03     0.5031E+02
        1.258333     0.1565E+03     0.4110E+03
        1.259722     0.1852E+03    -0.1818E+03
        1.261111     0.2036E+03     0.1631E+02
        1.262500     0.1309E+03     0.3839E+03
        1.263889     0.1488E+03    -0.2042E+03
        1.265278     0.1691E+03    -0.1823E+02
        1.266667     0.9980E+02     0.3579E+03
        1.268056     0.1097E+03    -0.2249E+03
        1.269444     0.1323E+03    -0.5377E+02
        1.270833     0.6649E+02     0.3332E+03
        1.272222     0.3854E+02    -0.2432E+03
        1.273611     0.8571E+02    -0.9261E+02
        1.275000     0.3750E+02     0.3095E+03
        1.276389    -0.4839E+01    -0.2586E+03
        1.277778     0.4406E+02    -0.1412E+03
        1.279167     0.5113E+00     0.2861E+03
        1.280556    -0.4338E+02    -0.2684E+03
        1.281944     0.4971E+01    -0.3008E+03
        1.283333    -0.3897E+02     0.2450E+03
        1.284722    -0.8247E+02    -0.2335E+03
        1.286111    -0.3395E+02    -0.4511E+03
        1.287500    -0.7770E+02     0.1758E+03
        1.288889    -0.1206E+03    -0.1862E+03
        1.290278    -0.7289E+02    -0.5056E+03
        1.291667    -0.1158E+03     0.1197E+03
        1.293056    -0.1577E+03    -0.1725E+03
        1.294444    -0.1123E+03    -0.5295E+03
        1.295833    -0.1534E+03     0.8163E+02
        1.297222    -0.1933E+03    -0.1828E+03
        1.298611    -0.1519E+03    -0.5490E+03
        1.300000    -0.1897E+03     0.5615E+02
        1.301389    -0.2264E+03    -0.2014E+03
        1.302778    -0.1925E+03    -0.5676E+03
        1.304167    -0.2243E+03     0.3771E+02
        1.305556    -0.2556E+03    -0.2216E+03
        1.306944    -0.2470E+03    -0.5858E+03
        1.308333    -0.2588E+03     0.2251E+02
        1.309722    -0.2768E+03    -0.2412E+03
        1.311111    -0.2820E+03    -0.6034E+03
        1.312500    -0.2876E+03     0.8571E+01
        1.313889    -0.2987E+03    -0.2603E+03
        1.315278    -0.3075E+03    -0.6218E+03
        1.316667    -0.3136E+03    -0.6217E+01
        1.318056    -0.3213E+03    -0.2813E+03
        1.319444    -0.3293E+03    -0.6428E+03
        1.320833    -0.3360E+03    -0.2315E+02
        1.322222    -0.3427E+03    -0.3042E+03
        1.323611    -0.3496E+03    -0.6657E+03
        1.325000    -0.3563E+03    -0.4147E+02
        1.326389    -0.3627E+03    -0.3282E+03
        1.327778    -0.3690E+03    -0.6898E+03
        1.329167    -0.3749E+03    -0.6060E+02
        1.330556    -0.3804E+03    -0.3525E+03
        1.331944    -0.3853E+03    -0.7143E+03
        1.333333    -0.3897E+03    -0.7985E+02
        1.334722    -0.3935E+03    -0.3764E+03
        1.336111    -0.3971E+03    -0.7384E+03
        1.337500    -0.4005E+03    -0.9845E+02
        1.338889    -0.4042E+03    -0.3981E+03
        1.340278    -0.4084E+03    -0.7598E+03
        1.341667    -0.4132E+03    -0.1134E+03
        1.343056    -0.4186E+03    -0.4130E+03
        1.344444    -0.4249E+03    -0.7729E+03
        1.345833    -0.4319E+03    -0.1201E+03
        1.347222    -0.4393E+03    -0.4174E+03
        1.348611    -0.4469E+03    -0.7760E+03
        1.350000    -0.4546E+03    -0.1187E+03
        1.351389    -0.4620E+03    -0.4164E+03
        1.352778    -0.4690E+03    -0.7755E+03
        1.354167    -0.4754E+03    -0.1162E+03
        1.355556    -0.4813E+03    -0.4207E+03
        1.356944    -0.4867E+03    -0.7826E+03
        1.358333    -0.4916E+03    -0.1216E+03
        1.359722    -0.4962E+03    -0.4359E+03
        1.361111    -0.5005E+03    -0.7998E+03
        1.362500    -0.5045E+03    -0.1348E+03
        1.363889    -0.5082E+03    -0.4575E+03
        1.365278    -0.5116E+03    -0.8226E+03
        1.366667    -0.5147E+03    -0.1525E+03
        1.368056    -0.5177E+03    -0.4814E+03
        1.369444    -0.5205E+03    -0.8476E+03
        1.370833    -0.5231E+03    -0.1721E+03
        1.372222    -0.5255E+03    -0.5063E+03
        1.373611    -0.5280E+03    -0.8733E+03
        1.375000    -0.5305E+03    -0.1923E+03
        1.376389    -0.5332E+03    -0.5312E+03
        1.377778    -0.5362E+03    -0.8986E+03
        1.379167    -0.5392E+03    -0.2117E+03
        1.380556    -0.5423E+03    -0.5549E+03
        1.381944    -0.5456E+03    -0.9225E+03
        1.383333    -0.5494E+03    -0.2297E+03
        1.384722    -0.5534E+03    -0.5767E+03
        1.386111    -0.5577E+03    -0.9443E+03
        1.387500    -0.5621E+03    -0.2451E+03
        1.388889    -0.5667E+03    -0.5946E+03
        1.390278    -0.5715E+03    -0.9616E+03
        1.391667    -0.5764E+03    -0.2559E+03
        1.393056    -0.5811E+03    -0.6068E+03
        1.394444    -0.5858E+03    -0.9728E+03
        1.395833    -0.5902E+03    -0.2611E+03
        1.397222    -0.5943E+03    -0.6128E+03
        1.398611    -0.5982E+03    -0.9778E+03
        1.400000    -0.6017E+03    -0.2608E+03
        1.401389    -0.6046E+03    -0.6134E+03
        1.402778    -0.6070E+03    -0.9780E+03
        1.404167    -0.6086E+03    -0.2563E+03
        1.405556    -0.6096E+03    -0.6099E+03
        1.406944    -0.6096E+03    -0.9743E+03
        1.408333    -0.6086E+03    -0.2487E+03
        1.409722    -0.6066E+03    -0.6045E+03
        1.411111    -0.6038E+03    -0.9703E+03
        1.412500    -0.6002E+03    -0.2415E+03
        1.413889    -0.5962E+03    -0.6009E+03
        1.415278    -0.5915E+03    -0.9684E+03
        1.416667    -0.5866E+03    -0.2360E+03
        1.418056    -0.5817E+03    -0.5988E+03
        1.419444    -0.5766E+03    -0.9674E+03
        1.420833    -0.5713E+03    -0.2306E+03
        1.422222    -0.5661E+03    -0.5949E+03
        1.423611    -0.5607E+03    -0.9629E+03
        1.425000    -0.5556E+03    -0.2212E+03
        1.426389    -0.5507E+03    -0.5851E+03
        1.427778    -0.5457E+03    -0.9513E+03
        1.429167    -0.5406E+03    -0.2052E+03
        1.430556    -0.5357E+03    -0.5681E+03
        1.431944    -0.5304E+03    -0.9321E+03
        1.433333    -0.5253E+03    -0.1826E+03
        1.434722    -0.5206E+03    -0.5446E+03
        1.436111    -0.5153E+03    -0.9066E+03
        1.437500    -0.5107E+03    -0.1547E+03
        1.438889    -0.5058E+03    -0.5168E+03
        1.440278    -0.4996E+03    -0.8767E+03
        1.441667    -0.4961E+03    -0.1232E+03
        1.443056    -0.4883E+03    -0.4857E+03
        1.444444    -0.4825E+03    -0.8432E+03
        1.445833    -0.4788E+03    -0.8876E+02
        1.447222    -0.4600E+03    -0.4521E+03
        1.448611    -0.4714E+03    -0.8073E+03
        1.450000    -0.3970E+03    -0.5281E+02
        1.451389    -0.4596E+03    -0.4183E+03
        1.452778    -0.4800E+03    -0.7719E+03
        1.454167    -0.3206E+03    -0.1808E+02
        1.455556    -0.4151E+03    -0.3872E+03
        1.456944    -0.4802E+03    -0.7394E+03
        1.458333    -0.2978E+03     0.1362E+02
        1.459722    -0.3780E+03    -0.3596E+03
        1.461111    -0.4489E+03    -0.7112E+03
        1.462500    -0.2670E+03     0.4123E+02
        1.463889    -0.3463E+03    -0.3364E+03
        1.465278    -0.4179E+03    -0.6873E+03
        1.466667    -0.2361E+03     0.6501E+02
        1.468056    -0.3168E+03    -0.3162E+03
        1.469444    -0.3896E+03    -0.6659E+03
        1.470833    -0.2079E+03     0.8672E+02
        1.472222    -0.2907E+03    -0.2967E+03
        1.473611    -0.3648E+03    -0.6443E+03
        1.475000    -0.1832E+03     0.1086E+03
        1.476389    -0.2677E+03    -0.2758E+03
        1.477778    -0.3430E+03    -0.6205E+03
        1.479167    -0.1612E+03     0.1325E+03
        1.480556    -0.2468E+03    -0.2523E+03
        1.481944    -0.3226E+03    -0.5938E+03
        1.483333    -0.1402E+03     0.1585E+03
        1.484722    -0.2256E+03    -0.2272E+03
        1.486111    -0.3014E+03    -0.5657E+03
        1.487500    -0.1186E+03     0.1853E+03
        1.488889    -0.2033E+03    -0.2019E+03
        1.490278    -0.2784E+03    -0.5376E+03
        1.491667    -0.9564E+02     0.2118E+03
        1.493056    -0.1790E+03    -0.1773E+03
        1.494444    -0.2528E+03    -0.5104E+03
        1.495833    -0.7054E+02     0.2372E+03
        1.497222    -0.1520E+03    -0.1538E+03
        1.498611    -0.2245E+03    -0.4844E+03
        1.500000    -0.4349E+02     0.2616E+03
        1.501389    -0.1235E+03    -0.1309E+03
        1.502778    -0.1952E+03    -0.4588E+03
        1.504167    -0.1602E+02     0.2855E+03
        1.505556    -0.9506E+02    -0.1076E+03
        1.506944    -0.1658E+03    -0.4326E+03
        1.508333     0.1115E+02     0.3097E+03
        1.509722    -0.6608E+02    -0.8342E+02
        1.511111    -0.1357E+03    -0.4054E+03
        1.512500     0.3880E+02     0.3346E+03
        1.513889    -0.3571E+02    -0.5844E+02
        1.515278    -0.1046E+03    -0.3772E+03
        1.516667     0.6687E+02     0.3602E+03
        1.518056    -0.4665E+01    -0.3244E+02
        1.519444    -0.7454E+02    -0.3474E+03
        1.520833     0.9374E+02     0.3872E+03
        1.522222     0.2730E+02    -0.4498E+01
        1.523611    -0.4694E+02    -0.3151E+03
        1.525000     0.1187E+03     0.4162E+03
        1.526389     0.7062E+02     0.2545E+02
        1.527778    -0.2438E+02    -0.2805E+03
        1.529167     0.1388E+03     0.4467E+03
        1.530556     0.1906E+03     0.5612E+02
        1.531944     0.2018E+02    -0.2455E+03
        1.533333     0.1465E+03     0.4771E+03
        1.534722     0.2389E+03     0.8546E+02
        1.536111     0.6145E+02    -0.2119E+03
        1.537500     0.1717E+03     0.5059E+03
        1.538889     0.2696E+03     0.1128E+03
        1.540278     0.9484E+02    -0.1805E+03
        1.541667     0.2032E+03     0.5325E+03
        1.543056     0.3003E+03     0.1378E+03
        1.544444     0.1253E+03    -0.1515E+03
        1.545833     0.2322E+03     0.5569E+03
        1.547222     0.3277E+03     0.1607E+03
        1.548611     0.1522E+03    -0.1246E+03
        1.550000     0.2570E+03     0.5793E+03
        1.551389     0.3507E+03     0.1819E+03
        1.552778     0.1746E+03    -0.9930E+02
        1.554167     0.2769E+03     0.6000E+03
        1.555556     0.3686E+03     0.2017E+03
        1.556944     0.1923E+03    -0.7544E+02
        1.558333     0.2920E+03     0.6193E+03
        1.559722     0.3815E+03     0.2201E+03
        1.561111     0.2053E+03    -0.5329E+02
        1.562500     0.3029E+03     0.6370E+03
        1.563889     0.3905E+03     0.2367E+03
        1.565278     0.2152E+03    -0.3351E+02
        1.566667     0.3111E+03     0.6526E+03
        1.568056     0.3973E+03     0.2517E+03
        1.569444     0.2231E+03    -0.1551E+02
        1.570833     0.3173E+03     0.6666E+03
        1.572222     0.4021E+03     0.2650E+03
        1.573611     0.2293E+03    -0.5893E+00
        1.575000     0.3221E+03     0.6778E+03
        1.576389     0.4057E+03     0.2755E+03
        1.577778     0.2342E+03     0.9981E+01
        1.579167     0.3252E+03     0.6855E+03
        1.580556     0.4072E+03     0.2836E+03
        1.581944     0.2370E+03     0.1719E+02
        1.583333     0.3259E+03     0.6907E+03
        1.584722     0.4060E+03     0.2922E+03
        1.586111     0.2370E+03     0.2435E+02
        1.587500     0.3234E+03     0.6959E+03
        1.588889     0.4018E+03     0.3024E+03
        1.590278     0.2351E+03     0.3203E+02
        1.591667     0.3211E+03     0.7012E+03
        1.593056     0.3996E+03     0.3133E+03
        1.594444     0.2359E+03     0.3881E+02
        1.595833     0.3221E+03     0.7055E+03
        1.597222     0.4009E+03     0.3232E+03
        1.598611     0.2401E+03     0.4311E+02
        1.600000     0.3258E+03     0.7078E+03
        1.601389     0.4041E+03     0.3322E+03
        1.602778     0.2455E+03     0.4556E+02
        1.604167     0.3305E+03     0.7085E+03
        1.605556     0.4083E+03     0.3408E+03
        1.606944     0.2525E+03     0.4726E+02
        1.608333     0.3371E+03     0.7084E+03
        1.609722     0.4146E+03     0.3501E+03
        1.611111     0.2615E+03     0.4931E+02
        1.612500     0.3449E+03     0.7082E+03
        1.613889     0.4213E+03     0.3601E+03
        1.615278     0.2705E+03     0.5154E+02
        1.616667     0.3529E+03     0.7077E+03
        1.618056     0.4284E+03     0.3701E+03
        1.619444     0.2804E+03     0.5428E+02
        1.620833     0.3617E+03     0.7075E+03
        1.622222     0.4365E+03     0.3809E+03
        1.623611     0.2916E+03     0.5740E+02
        1.625000     0.3721E+03     0.7076E+03
        1.626389     0.4460E+03     0.3942E+03
        1.627778     0.3043E+03     0.6234E+02
        1.629167     0.3835E+03     0.7088E+03
        1.630556     0.4564E+03     0.4108E+03
        1.631944     0.3180E+03     0.6848E+02
        1.633333     0.3957E+03     0.7112E+03
        1.634722     0.4674E+03     0.4334E+03
        1.636111     0.3330E+03     0.7557E+02
        1.637500     0.4089E+03     0.7137E+03
        1.638889     0.4791E+03     0.4631E+03
        1.640278     0.3483E+03     0.8141E+02
        1.641667     0.4220E+03     0.7138E+03
        1.643056     0.4900E+03     0.5068E+03
        1.644444     0.3629E+03     0.8419E+02
        1.645833     0.4344E+03     0.7076E+03
        1.647222     0.5004E+03     0.6892E+03
        1.648611     0.3771E+03     0.8944E+02
        1.650000     0.4463E+03     0.6516E+03
        1.651389     0.5102E+03     0.8714E+03
        1.652778     0.3914E+03     0.1456E+03
        1.654167     0.4581E+03     0.5888E+03
        1.655556     0.5194E+03     0.9172E+03
        1.656944     0.4038E+03     0.1935E+03
        1.658333     0.4675E+03     0.5756E+03
        1.659722     0.5260E+03     0.9294E+03
        1.661111     0.4132E+03     0.2218E+03
        1.662500     0.4741E+03     0.5824E+03
        1.663889     0.5300E+03     0.9356E+03
        1.665278     0.4199E+03     0.2351E+03
        1.666667     0.4781E+03     0.5872E+03
        1.668056     0.5315E+03     0.9375E+03
        1.669444     0.4236E+03     0.2403E+03
        1.670833     0.4793E+03     0.5859E+03
        1.672222     0.5302E+03     0.9331E+03
        1.673611     0.4242E+03     0.2380E+03
        1.675000     0.4778E+03     0.5771E+03
        1.676389     0.5269E+03     0.9220E+03
        1.677778     0.4229E+03     0.2294E+03
        1.679167     0.4745E+03     0.5626E+03
        1.680556     0.5216E+03     0.9059E+03
        1.681944     0.4185E+03     0.2167E+03
        1.683333     0.4682E+03     0.5450E+03
        1.684722     0.5136E+03     0.8872E+03
        1.686111     0.4108E+03     0.2016E+03
        1.687500     0.4588E+03     0.5256E+03
        1.688889     0.5027E+03     0.8669E+03
        1.690278     0.3992E+03     0.1848E+03
        1.691667     0.4456E+03     0.5035E+03
        1.693056     0.4877E+03     0.8432E+03
        1.694444     0.3825E+03     0.1643E+03
        1.695833     0.4274E+03     0.4768E+03
        1.697222     0.4684E+03     0.8150E+03
        1.698611     0.3624E+03     0.1395E+03
        1.700000     0.4064E+03     0.4453E+03
        1.701389     0.4472E+03     0.7823E+03
        1.702778     0.3427E+03     0.1105E+03
        1.704167     0.3870E+03     0.4082E+03
        1.705556     0.4287E+03     0.7436E+03
        1.706944     0.3287E+03     0.7520E+02
        1.708333     0.3739E+03     0.3630E+03
        1.709722     0.4167E+03     0.6980E+03
        1.711111     0.3225E+03     0.3452E+02
        1.712500     0.3675E+03     0.3144E+03
        1.713889     0.4096E+03     0.6519E+03
        1.715278     0.3183E+03    -0.5014E+01
        1.716667     0.3619E+03     0.2716E+03
        1.718056     0.4023E+03     0.6130E+03
        1.719444     0.3115E+03    -0.3759E+02
        1.720833     0.3537E+03     0.2391E+03
        1.722222     0.3928E+03     0.5836E+03
        1.723611     0.3022E+03    -0.6219E+02
        1.725000     0.3431E+03     0.2153E+03
        1.726389     0.3812E+03     0.5619E+03
        1.727778     0.2909E+03    -0.8047E+02
        1.729167     0.3309E+03     0.1974E+03
        1.730556     0.3683E+03     0.5455E+03
        1.731944     0.2784E+03    -0.9396E+02
        1.733333     0.3174E+03     0.1839E+03
        1.734722     0.3538E+03     0.5331E+03
        1.736111     0.2638E+03    -0.1041E+03
        1.737500     0.3016E+03     0.1728E+03
        1.738889     0.3369E+03     0.5228E+03
        1.740278     0.2467E+03    -0.1124E+03
        1.741667     0.2833E+03     0.1633E+03
        1.743056     0.3175E+03     0.5142E+03
        1.744444     0.2274E+03    -0.1192E+03
        1.745833     0.2627E+03     0.1548E+03
        1.747222     0.2962E+03     0.5062E+03
        1.748611     0.2066E+03    -0.1254E+03
        1.750000     0.2410E+03     0.1461E+03
        1.751389     0.2741E+03     0.4980E+03
        1.752778     0.1856E+03    -0.1322E+03
        1.754167     0.2192E+03     0.1356E+03
        1.755556     0.2520E+03     0.4878E+03
        1.756944     0.1646E+03    -0.1413E+03
        1.758333     0.1970E+03     0.1209E+03
        1.759722     0.2290E+03     0.4737E+03
        1.761111     0.1424E+03    -0.1540E+03
        1.762500     0.1721E+03     0.1006E+03
        1.763889     0.2026E+03     0.4547E+03
        1.765278     0.1167E+03    -0.1715E+03
        1.766667     0.1409E+03     0.7322E+02
        1.768056     0.1695E+03     0.4301E+03
        1.769444     0.8495E+02    -0.1939E+03
        1.770833     0.9348E+02     0.3882E+02
        1.772222     0.1281E+03     0.4006E+03
        1.773611     0.4778E+02    -0.2203E+03
        1.775000     0.5592E+01    -0.1786E+01
        1.776389     0.6986E+02     0.3678E+03
        1.777778     0.9933E+01    -0.2490E+03
        1.779167    -0.4633E+02    -0.4766E+02
        1.780556     0.1663E+02     0.3329E+03
        1.781944    -0.4151E+02    -0.2788E+03
        1.783333    -0.9864E+02    -0.1021E+03
        1.784722    -0.3650E+02     0.2955E+03
        1.786111    -0.9440E+02    -0.3092E+03
        1.787500    -0.1506E+03    -0.1795E+03
        1.788889    -0.8926E+02     0.2531E+03
        1.790278    -0.1459E+03    -0.3372E+03
        1.791667    -0.2007E+03    -0.4123E+03
        1.793056    -0.1418E+03     0.1797E+03
        1.794444    -0.1962E+03    -0.3144E+03
        1.795833    -0.2486E+03    -0.5871E+03
        1.797222    -0.1961E+03     0.7527E+02
        1.798611    -0.2461E+03    -0.3080E+03
        1.800000    -0.2945E+03    -0.6659E+03
        1.801389    -0.2830E+03    -0.1135E+02
        1.802778    -0.3041E+03    -0.3477E+03
        1.804167    -0.3323E+03    -0.7261E+03
        1.805556    -0.3426E+03    -0.7913E+02
        1.806944    -0.3546E+03    -0.4071E+03
        1.808333    -0.3736E+03    -0.7855E+03
        1.809722    -0.3902E+03    -0.1358E+03
        1.811111    -0.4044E+03    -0.4682E+03
        1.812500    -0.4201E+03    -0.8445E+03
        1.813889    -0.4364E+03    -0.1874E+03
        1.815278    -0.4519E+03    -0.5262E+03
        1.816667    -0.4672E+03    -0.9010E+03
        1.818056    -0.4827E+03    -0.2355E+03
        1.819444    -0.4981E+03    -0.5786E+03
        1.820833    -0.5133E+03    -0.9526E+03
        1.822222    -0.5284E+03    -0.2779E+03
        1.823611    -0.5433E+03    -0.6238E+03
        1.825000    -0.5579E+03    -0.9976E+03
        1.826389    -0.5720E+03    -0.3145E+03
        1.827778    -0.5855E+03    -0.6631E+03
        1.829167    -0.5984E+03    -0.1037E+04
        1.830556    -0.6108E+03    -0.3457E+03
        1.831944    -0.6225E+03    -0.6970E+03
        1.833333    -0.6334E+03    -0.1071E+04
        1.834722    -0.6434E+03    -0.3718E+03
        1.836111    -0.6523E+03    -0.7253E+03
        1.837500    -0.6600E+03    -0.1099E+04
        1.838889    -0.6667E+03    -0.3918E+03
        1.840278    -0.6725E+03    -0.7472E+03
        1.841667    -0.6773E+03    -0.1120E+04
        1.843056    -0.6815E+03    -0.4043E+03
        1.844444    -0.6859E+03    -0.7603E+03
        1.845833    -0.6906E+03    -0.1132E+04
        1.847222    -0.6955E+03    -0.4080E+03
        1.848611    -0.7009E+03    -0.7633E+03
        1.850000    -0.7068E+03    -0.1132E+04
        1.851389    -0.7133E+03    -0.3998E+03
        1.852778    -0.7204E+03    -0.7522E+03
        1.854167    -0.7278E+03    -0.1117E+04
        1.855556    -0.7352E+03    -0.3780E+03
        1.856944    -0.7427E+03    -0.7300E+03
        1.858333    -0.7496E+03    -0.1094E+04
        1.859722    -0.7558E+03    -0.3534E+03
        1.861111    -0.7612E+03    -0.7134E+03
        1.862500    -0.7658E+03    -0.1081E+04
        1.863889    -0.7694E+03    -0.3389E+03
        1.865278    -0.7725E+03    -0.7095E+03
        1.866667    -0.7754E+03    -0.1079E+04
        1.868056    -0.7781E+03    -0.3334E+03
        1.869444    -0.7810E+03    -0.7110E+03
        1.870833    -0.7842E+03    -0.1082E+04
        1.872222    -0.7873E+03    -0.3319E+03
        1.873611    -0.7906E+03    -0.7158E+03
        1.875000    -0.7943E+03    -0.1089E+04
        1.876389    -0.7977E+03    -0.3337E+03
        1.877778    -0.8006E+03    -0.7234E+03
        1.879167    -0.8031E+03    -0.1099E+04
        1.880556    -0.8049E+03    -0.3380E+03
        1.881944    -0.8063E+03    -0.7331E+03
        1.883333    -0.8075E+03    -0.1110E+04
        1.884722    -0.8083E+03    -0.3441E+03
        1.886111    -0.8087E+03    -0.7446E+03
        1.887500    -0.8091E+03    -0.1124E+04
        1.888889    -0.8091E+03    -0.3522E+03
        1.890278    -0.8089E+03    -0.7575E+03
        1.891667    -0.8091E+03    -0.1139E+04
        1.893056    -0.8093E+03    -0.3603E+03
        1.894444    -0.8093E+03    -0.7696E+03
        1.895833    -0.8094E+03    -0.1153E+04
        1.897222    -0.8096E+03    -0.3666E+03
        1.898611    -0.8096E+03    -0.7797E+03
        1.900000    -0.8098E+03    -0.1164E+04
        1.901389    -0.8102E+03    -0.3713E+03
        1.902778    -0.8101E+03    -0.7889E+03
        1.904167    -0.8095E+03    -0.1174E+04
        1.905556    -0.8085E+03    -0.3741E+03
        1.906944    -0.8063E+03    -0.7951E+03
        1.908333    -0.8030E+03    -0.1180E+04
        1.909722    -0.7985E+03    -0.3726E+03
        1.911111    -0.7924E+03    -0.7960E+03
        1.912500    -0.7849E+03    -0.1180E+04
        1.913889    -0.7761E+03    -0.3665E+03
        1.915278    -0.7655E+03    -0.7937E+03
        1.916667    -0.7542E+03    -0.1177E+04
        1.918056    -0.7421E+03    -0.3582E+03
        1.919444    -0.7288E+03    -0.7893E+03
        1.920833    -0.7167E+03    -0.1171E+04
        1.922222    -0.7028E+03    -0.3461E+03
        1.923611    -0.6897E+03    -0.7788E+03
        1.925000    -0.6783E+03    -0.1156E+04
        1.926389    -0.6602E+03    -0.3262E+03
        1.927778    -0.6558E+03    -0.7592E+03
        1.929167    -0.6273E+03    -0.1131E+04
        1.930556    -0.6339E+03    -0.2967E+03
        1.931944    -0.5938E+03    -0.7292E+03
        1.933333    -0.6083E+03    -0.1094E+04
        1.934722    -0.5881E+03    -0.2566E+03
        1.936111    -0.4600E+03    -0.6877E+03
        1.937500    -0.5838E+03    -0.1044E+04
        1.938889    -0.6224E+03    -0.2061E+03
        1.940278    -0.3895E+03    -0.6370E+03
        1.941667    -0.5200E+03    -0.9856E+03
        1.943056    -0.6103E+03    -0.1482E+03
        1.944444    -0.3593E+03    -0.5795E+03
        1.945833    -0.4733E+03    -0.9193E+03
        1.947222    -0.5692E+03    -0.8367E+02
        1.948611    -0.3189E+03    -0.5152E+03
        1.950000    -0.4318E+03    -0.8459E+03
        1.951389    -0.5271E+03    -0.1424E+02
        1.952778    -0.2757E+03    -0.4479E+03
        1.954167    -0.3887E+03    -0.7700E+03
        1.955556    -0.4826E+03     0.5619E+02
        1.956944    -0.2308E+03    -0.3825E+03
        1.958333    -0.3439E+03    -0.6973E+03
        1.959722    -0.4366E+03     0.1226E+03
        1.961111    -0.1856E+03    -0.3234E+03
        1.962500    -0.3000E+03    -0.6320E+03
        1.963889    -0.3922E+03     0.1820E+03
        1.965278    -0.1427E+03    -0.2720E+03
        1.966667    -0.2593E+03    -0.5750E+03
        1.968056    -0.3514E+03     0.2337E+03
        1.969444    -0.1039E+03    -0.2279E+03
        1.970833    -0.2235E+03    -0.5251E+03
        1.972222    -0.3165E+03     0.2789E+03
        1.973611    -0.7106E+02    -0.1898E+03
        1.975000    -0.1946E+03    -0.4811E+03
        1.976389    -0.2887E+03     0.3185E+03
        1.977778    -0.4465E+02    -0.1570E+03
        1.979167    -0.1710E+03    -0.4425E+03
        1.980556    -0.2654E+03     0.3531E+03
        1.981944    -0.2212E+02    -0.1289E+03
        1.983333    -0.1500E+03    -0.4082E+03
        1.984722    -0.2432E+03     0.3837E+03
        1.986111    -0.7946E+00    -0.1040E+03
        1.987500    -0.1292E+03    -0.3762E+03
        1.988889    -0.2194E+03     0.4116E+03
        1.990278     0.2179E+02    -0.8183E+02
        1.991667    -0.1062E+03    -0.3472E+03
        1.993056    -0.1897E+03     0.4361E+03
        1.994444     0.4927E+02    -0.6395E+02
        1.995833    -0.7864E+02    -0.3238E+03
        1.997222    -0.1501E+03     0.4554E+03
        1.998611     0.8334E+02    -0.5147E+02
        2.000000    -0.5121E+02    -0.3076E+03
