  1.3888889E-03  0.000000000000000E+000   117670.111806762     
  2.7777778E-03  0.000000000000000E+000   478145.646662970     
  4.1666669E-03  0.000000000000000E+000   1105253.12146489     
  5.5555557E-03  0.000000000000000E+000   1974881.00900095     
  6.9444445E-03  0.000000000000000E+000   3058018.12314029     
  8.3333338E-03  0.000000000000000E+000   4330918.11601991     
  9.7222226E-03  0.000000000000000E+000   5775705.63770986     
  1.1111111E-02  0.000000000000000E+000   7374312.52071876     
  1.2500000E-02  0.000000000000000E+000   9106431.76106575     
  1.3888889E-02  0.000000000000000E+000   10950510.5227865     
  1.5277778E-02  0.000000000000000E+000   12884311.9369635     
  1.6666668E-02  0.000000000000000E+000   14888476.1617933     
  1.8055556E-02  0.000000000000000E+000   16947250.9332334     
  1.9444445E-02  0.000000000000000E+000   19050691.1748385     
  2.0833334E-02  0.000000000000000E+000   21194834.7588633     
  2.2222223E-02  0.000000000000000E+000   23381653.3972697     
  2.3611112E-02  0.000000000000000E+000   25618258.9365252     
  2.5000000E-02  0.000000000000000E+000   27915136.7637528     
  2.6388889E-02  0.000000000000000E+000   30284219.3016340     
  2.7777778E-02  0.000000000000000E+000   32736893.6104744     
  2.9166667E-02  0.000000000000000E+000   35282357.1966035     
  3.0555556E-02  0.000000000000000E+000   37926540.7139675     
  3.1944446E-02  0.000000000000000E+000   40671733.2335687     
  3.3333335E-02  0.000000000000000E+000   43516730.9901462     
  3.4722224E-02  0.000000000000000E+000   46457565.4622117     
  3.6111113E-02  0.000000000000000E+000   49488637.0104087     
  3.7500001E-02  0.000000000000000E+000   52604126.0542386     
  3.8888890E-02  0.000000000000000E+000   55799577.3348968     
  4.0277779E-02  0.000000000000000E+000   59073442.6320816     
  4.1666668E-02  0.000000000000000E+000   62427249.5822226     
  4.3055557E-02  0.000000000000000E+000   65864573.1037903     
  4.4444446E-02  0.000000000000000E+000   69389243.1079150     
  4.5833334E-02  0.000000000000000E+000   73003327.1108829     
  4.7222223E-02  0.000000000000000E+000   76705475.2772288     
  4.8611112E-02  0.000000000000000E+000   80489955.4150879     
  5.0000001E-02  0.000000000000000E+000   84346627.4082781     
  5.1388890E-02  0.000000000000000E+000   88261647.2212453     
  5.2777778E-02  0.000000000000000E+000   92218595.9794295     
  5.4166667E-02  0.000000000000000E+000   96199636.3384329     
  5.5555556E-02  0.000000000000000E+000   100186410.134680     
  5.6944445E-02  0.000000000000000E+000   104160670.820351     
  5.8333334E-02  0.000000000000000E+000   108105017.465185     
  5.9722222E-02  0.000000000000000E+000   112002745.854146     
  6.1111111E-02  0.000000000000000E+000   115838423.107758     
  6.2500000E-02  0.000000000000000E+000   119598941.314702     
  6.3888893E-02  0.000000000000000E+000   123272768.832764     
  6.5277778E-02  0.000000000000000E+000   126851422.894964     
  6.6666670E-02  0.000000000000000E+000   130331256.049212     
  6.8055555E-02  0.000000000000000E+000   133713753.971080     
  6.9444448E-02  0.000000000000000E+000   137005551.127245     
  7.0833333E-02  0.000000000000000E+000   140215358.706731     
  7.2222225E-02  0.000000000000000E+000   143355946.078439     
  7.3611110E-02  0.000000000000000E+000   146440446.412998     
  7.5000003E-02  0.000000000000000E+000   149482900.886034     
  7.6388888E-02  0.000000000000000E+000   152494484.102304     
  7.7777781E-02  0.000000000000000E+000   155485123.674380     
  7.9166666E-02  0.000000000000000E+000   158458596.726627     
  8.0555558E-02  0.000000000000000E+000   161413392.787106     
  8.1944443E-02  0.000000000000000E+000   164343195.141002     
  8.3333336E-02  0.000000000000000E+000   167237774.274858     
  8.4722221E-02  0.000000000000000E+000   170083004.801148     
  8.6111113E-02  0.000000000000000E+000   172861509.809863     
  8.7499999E-02  0.000000000000000E+000   175558075.176320     
  8.8888891E-02  0.000000000000000E+000   178156120.802640     
  9.0277776E-02  0.000000000000000E+000   180641418.825406     
  9.1666669E-02  0.000000000000000E+000   183004470.295416     
  9.3055554E-02  0.000000000000000E+000   185240555.746671     
  9.4444446E-02  0.000000000000000E+000   187348917.391477     
  9.5833331E-02  0.000000000000000E+000   189332052.194030     
  9.7222224E-02  0.000000000000000E+000   191191743.408872     
  9.8611109E-02  0.000000000000000E+000   192930776.713480     
  0.1000000      0.000000000000000E+000   194556169.486975     
  0.1013889      0.000000000000000E+000   196071874.089440     
  0.1027778      0.000000000000000E+000   197479638.766109     
  0.1041667      0.000000000000000E+000   198781882.609203     
  0.1055556      0.000000000000000E+000   199980035.259464     
  0.1069444      0.000000000000000E+000   201073331.732117     
  0.1083333      0.000000000000000E+000   202057197.828935     
  0.1097222      0.000000000000000E+000   202928622.302314     
  0.1111111      0.000000000000000E+000   203683174.810268     
  0.1125000      0.000000000000000E+000   204322286.906581     
  0.1138889      0.000000000000000E+000   204846051.304267     
  0.1152778      0.000000000000000E+000   205257364.098000     
  0.1166667      0.000000000000000E+000   205554393.121653     
  0.1180556      0.000000000000000E+000   205737506.214123     
  0.1194444      0.000000000000000E+000   205806569.062958     
  0.1208333      0.000000000000000E+000   205762221.416803     
  0.1222222      0.000000000000000E+000   205610338.815499     
  0.1236111      0.000000000000000E+000   205353875.481722     
  0.1250000      0.000000000000000E+000   204995803.153679     
  0.1263889      0.000000000000000E+000   204538735.135954     
  0.1277778      0.000000000000000E+000   203984533.812613     
  0.1291667      0.000000000000000E+000   203333081.679683     
  0.1305556      0.000000000000000E+000   202589241.839882     
  0.1319444      0.000000000000000E+000   201758067.308659     
  0.1333333      0.000000000000000E+000   200839382.848549     
  0.1347222      0.000000000000000E+000   199835913.822125     
  0.1361111      0.000000000000000E+000   198751923.475220     
  0.1375000      0.000000000000000E+000   197593539.381449     
  0.1388889      0.000000000000000E+000   196368040.876363     
  0.1402778      0.000000000000000E+000   195081086.978409     
  0.1416667      0.000000000000000E+000   193737353.575215     
  0.1430556      0.000000000000000E+000   192342804.139106     
  0.1444445      0.000000000000000E+000   190904310.418723     
  0.1458333      0.000000000000000E+000   189427149.757174     
  0.1472222      0.000000000000000E+000   187914776.794808     
  0.1486111      0.000000000000000E+000   186370457.148758     
  0.1500000      0.000000000000000E+000   184797077.835837     
  0.1513889      0.000000000000000E+000   183197187.899270     
  0.1527778      0.000000000000000E+000   181572911.003031     
  0.1541667      0.000000000000000E+000   179926062.059186     
  0.1555556      0.000000000000000E+000   178258090.995655     
  0.1569444      0.000000000000000E+000   176570346.740560     
  0.1583333      0.000000000000000E+000   174864070.758667     
  0.1597222      0.000000000000000E+000   173140406.054035     
  0.1611111      0.000000000000000E+000   171400732.141456     
  0.1625000      0.000000000000000E+000   169646656.221546     
  0.1638889      0.000000000000000E+000   167879947.280482     
  0.1652778      0.000000000000000E+000   166102576.855590     
  0.1666667      0.000000000000000E+000   164316694.342349     
  0.1680555      0.000000000000000E+000   162524494.759662     
  0.1694444      0.000000000000000E+000   160728339.764488     
  0.1708333      0.000000000000000E+000   158930724.486170     
  0.1722222      0.000000000000000E+000   157133999.061671     
  0.1736111      0.000000000000000E+000   155340517.325437     
  0.1750000      0.000000000000000E+000   153552148.019839     
  0.1763889      0.000000000000000E+000   151771244.687701     
  0.1777778      0.000000000000000E+000   149999732.262844     
  0.1791667      0.000000000000000E+000   148239504.463271     
  0.1805556      0.000000000000000E+000   146492506.957393     
  0.1819444      0.000000000000000E+000   144760805.467379     
  0.1833333      0.000000000000000E+000   143047754.384676     
  0.1847222      0.000000000000000E+000   141360866.579053     
  0.1861111      0.000000000000000E+000   139710464.777104     
  0.1875000      0.000000000000000E+000   138099595.979295     
  0.1888889      0.000000000000000E+000   136531586.245468     
  0.1902778      0.000000000000000E+000   135011289.965214     
  0.1916667      0.000000000000000E+000   133541157.681987     
  0.1930556      0.000000000000000E+000   132124160.782526     
  0.1944444      0.000000000000000E+000   130765034.055361     
  0.1958333      0.000000000000000E+000   129469133.331427     
  0.1972222      0.000000000000000E+000   128240399.283064     
  0.1986111      0.000000000000000E+000   127081275.056485     
  0.2000000      0.000000000000000E+000   125994722.034664     
  0.2013889      0.000000000000000E+000   124983588.429520     
  0.2027778      0.000000000000000E+000   124050408.833557     
  0.2041667      0.000000000000000E+000   123198717.471408     
  0.2055556      0.000000000000000E+000   122432660.573743     
  0.2069445      0.000000000000000E+000   121753339.074692     
  0.2083333      0.000000000000000E+000   121162209.157907     
  0.2097222      0.000000000000000E+000   120662372.978198     
  0.2111111      0.000000000000000E+000   120256968.057431     
  0.2125000      0.000000000000000E+000   119948749.749703     
  0.2138889      0.000000000000000E+000   119743049.256734     
  0.2152778      0.000000000000000E+000   119644605.221288     
  0.2166667      0.000000000000000E+000   119659772.877117     
  0.2180556      0.000000000000000E+000   119794865.399301     
  0.2194444      0.000000000000000E+000   120053635.724304     
  0.2208333      0.000000000000000E+000   120444005.698406     
  0.2222222      0.000000000000000E+000   120970450.665206     
  0.2236111      0.000000000000000E+000   121638654.090454     
  0.2250000      0.000000000000000E+000   122455075.041189     
  0.2263889      0.000000000000000E+000   123424074.073396     
  0.2277778      0.000000000000000E+000   124553262.598643     
  0.2291667      0.000000000000000E+000   125848061.790730     
  0.2305555      0.000000000000000E+000   127317225.587521     
  0.2319444      0.000000000000000E+000   128970761.587068     
  0.2333333      0.000000000000000E+000   130814462.914116     
  0.2347222      0.000000000000000E+000   132856667.615874     
  0.2361111      0.000000000000000E+000   135104211.100873     
  0.2375000      0.000000000000000E+000   137564221.085143     
  0.2388889      0.000000000000000E+000   140240490.050247     
  0.2402778      0.000000000000000E+000   143135672.260004     
  0.2416667      0.000000000000000E+000   146255248.893306     
  0.2430556      0.000000000000000E+000   149610078.799979     
  0.2444444      0.000000000000000E+000   153207365.079451     
  0.2458333      0.000000000000000E+000   157051551.454804     
  0.2472222      0.000000000000000E+000   161147655.217111     
  0.2486111      0.000000000000000E+000   165502508.755807     
  0.2500000      0.000000000000000E+000   170125451.318560     
  0.2513889      0.000000000000000E+000   175030365.615506     
  0.2527778      0.000000000000000E+000   180226843.969009     
  0.2541667      0.000000000000000E+000   185722864.495263     
  0.2555556      0.000000000000000E+000   191528116.373846     
  0.2569444      0.000000000000000E+000   197648004.118179     
  0.2583333      0.000000000000000E+000   204089881.909402     
  0.2597222      0.000000000000000E+000   210859384.148534     
  0.2611111      0.000000000000000E+000   217964827.383730     
  0.2625000      0.000000000000000E+000   225409636.122905     
  0.2638889      0.000000000000000E+000   233200755.964343     
  0.2652778      0.000000000000000E+000   241346189.516215     
  0.2666667      0.000000000000000E+000   249849515.545485     
  0.2680556      0.000000000000000E+000   258712072.802787     
  0.2694444      0.000000000000000E+000   267936197.841539     
  0.2708333      0.000000000000000E+000   277524867.780445     
  0.2722222      0.000000000000000E+000   287489687.247110     
  0.2736111      0.000000000000000E+000   297840277.535686     
  0.2750000      0.000000000000000E+000   308580387.528017     
  0.2763889      0.000000000000000E+000   319714219.854920     
  0.2777778      0.000000000000000E+000   331247252.642983     
  0.2791667      0.000000000000000E+000   343181161.489427     
  0.2805555      0.000000000000000E+000   355516399.653592     
  0.2819445      0.000000000000000E+000   368255259.832029     
  0.2833333      0.000000000000000E+000   381398426.492436     
  0.2847222      0.000000000000000E+000   394947295.368531     
  0.2861111      0.000000000000000E+000   408903170.535281     
  0.2875000      0.000000000000000E+000   423265263.628363     
  0.2888889      0.000000000000000E+000   438033244.145097     
  0.2902778      0.000000000000000E+000   453207781.304851     
  0.2916667      0.000000000000000E+000   468790095.166805     
  0.2930556      0.000000000000000E+000   484787543.118027     
  0.2944444      0.000000000000000E+000   501206187.454626     
  0.2958333      0.000000000000000E+000   518052282.759871     
  0.2972222      0.000000000000000E+000   535328494.378817     
  0.2986111      0.000000000000000E+000   553037375.579972     
  0.3000000      0.000000000000000E+000   571180296.658408     
  0.3013889      0.000000000000000E+000   589760047.149255     
  0.3027778      0.000000000000000E+000   608776114.328974     
  0.3041667      0.000000000000000E+000   628225507.897240     
  0.3055556      0.000000000000000E+000   648107105.531230     
  0.3069444      0.000000000000000E+000   668421460.265538     
  0.3083333      0.000000000000000E+000   689168957.315944     
  0.3097222      0.000000000000000E+000   710344809.677622     
  0.3111111      0.000000000000000E+000   731945740.247933     
  0.3125000      0.000000000000000E+000   753973825.218891     
  0.3138889      0.000000000000000E+000   776424927.298940     
  0.3152778      0.000000000000000E+000   799299790.332728     
  0.3166667      0.000000000000000E+000   822595355.747912     
  0.3180556      0.000000000000000E+000   846302433.955872     
  0.3194444      0.000000000000000E+000   870421291.405322     
  0.3208333      0.000000000000000E+000   894943812.298584     
  0.3222222      0.000000000000000E+000   919862225.827294     
  0.3236111      0.000000000000000E+000   945166423.933397     
  0.3250000      0.000000000000000E+000   970845565.323122     
  0.3263889      0.000000000000000E+000   996895312.453421     
  0.3277778      0.000000000000000E+000   1023308706.85163     
  0.3291667      0.000000000000000E+000   1050077747.04439     
  0.3305556      0.000000000000000E+000   1077188268.44727     
  0.3319444      0.000000000000000E+000   1104634616.66172     
  0.3333333      0.000000000000000E+000   1132401682.59851     
  0.3347222      0.000000000000000E+000   1160477989.59582     
  0.3361111      0.000000000000000E+000   1188853779.67156     
  0.3375000      0.000000000000000E+000   1217514048.92064     
  0.3388889      0.000000000000000E+000   1246444095.18971     
  0.3402778      0.000000000000000E+000   1275627822.31981     
  0.3416667      0.000000000000000E+000   1305059137.00970     
  0.3430555      0.000000000000000E+000   1334723162.68268     
  0.3444445      0.000000000000000E+000   1364608521.72779     
  0.3458333      0.000000000000000E+000   1394703892.57158     
  0.3472222      0.000000000000000E+000   1424993927.62971     
  0.3486111      0.000000000000000E+000   1455468613.46330     
  0.3500000      0.000000000000000E+000   1486112360.44554     
  0.3513889      0.000000000000000E+000   1516915920.39915     
  0.3527778      0.000000000000000E+000   1547865442.57788     
  0.3541667      0.000000000000000E+000   1578950950.59674     
  0.3555556      0.000000000000000E+000   1610159139.70515     
  0.3569444      0.000000000000000E+000   1641480463.93449     
  0.3583333      0.000000000000000E+000   1672901047.31237     
  0.3597222      0.000000000000000E+000   1704410746.03694     
  0.3611111      0.000000000000000E+000   1735996258.62191     
  0.3625000      0.000000000000000E+000   1767640778.62868     
  0.3638889      0.000000000000000E+000   1799334464.78455     
  0.3652778      0.000000000000000E+000   1831069857.31320     
  0.3666667      0.000000000000000E+000   1862845082.54890     
  0.3680556      0.000000000000000E+000   1894653577.32916     
  0.3694444      0.000000000000000E+000   1926487727.42853     
  0.3708333      0.000000000000000E+000   1958333457.65181     
  0.3722222      0.000000000000000E+000   1990184434.08448     
  0.3736111      0.000000000000000E+000   2022036691.54444     
  0.3750000      0.000000000000000E+000   2053880490.57840     
  0.3763889      0.000000000000000E+000   2085710717.09658     
  0.3777778      0.000000000000000E+000   2117523919.96043     
  0.3791667      0.000000000000000E+000   2149301025.10900     
  0.3805556      0.000000000000000E+000   2181057771.82947     
  0.3819444      0.000000000000000E+000   2212775010.95135     
  0.3833333      0.000000000000000E+000   2244447845.44900     
  0.3847222      0.000000000000000E+000   2276058361.32753     
  0.3861111      0.000000000000000E+000   2307606253.34307     
  0.3875000      0.000000000000000E+000   2339072688.17884     
  0.3888889      0.000000000000000E+000   2370459723.85138     
  0.3902778      0.000000000000000E+000   2401766395.72143     
  0.3916667      0.000000000000000E+000   2432979324.99209     
  0.3930556      0.000000000000000E+000   2464091049.48015     
  0.3944444      0.000000000000000E+000   2495103582.12973     
  0.3958333      0.000000000000000E+000   2526010049.28375     
  0.3972222      0.000000000000000E+000   2556809450.49721     
  0.3986111      0.000000000000000E+000   2587501416.77918     
  0.4000000      0.000000000000000E+000   2618083613.48234     
  0.4013889      0.000000000000000E+000   2648553240.17229     
  0.4027778      0.000000000000000E+000   2678907489.06562     
  0.4041667      0.000000000000000E+000   2709135095.65570     
  0.4055555      0.000000000000000E+000   2739235891.17074     
  0.4069445      0.000000000000000E+000   2769205869.19445     
  0.4083333      0.000000000000000E+000   2799043511.46329     
  0.4097222      0.000000000000000E+000   2828742790.55124     
  0.4111111      0.000000000000000E+000   2858291675.45115     
  0.4125000      0.000000000000000E+000   2887673369.27290     
  0.4138889      0.000000000000000E+000   2916882866.40697     
  0.4152778      0.000000000000000E+000   2945906673.98729     
  0.4166667      0.000000000000000E+000   2974735786.29113     
  0.4180556      0.000000000000000E+000   3003363175.63419     
  0.4194444      0.000000000000000E+000   3031784110.78050     
  0.4208333      0.000000000000000E+000   3059991687.04136     
  0.4222222      0.000000000000000E+000   3087986829.95052     
  0.4236111      0.000000000000000E+000   3115763715.04921     
  0.4250000      0.000000000000000E+000   3143317620.91630     
  0.4263889      0.000000000000000E+000   3170638362.25784     
  0.4277778      0.000000000000000E+000   3197734019.39464     
  0.4291667      0.000000000000000E+000   3224599166.16555     
  0.4305556      0.000000000000000E+000   3251233032.40956     
  0.4319444      0.000000000000000E+000   3277633343.19406     
  0.4333333      0.000000000000000E+000   3303801484.63146     
  0.4347222      0.000000000000000E+000   3329741530.94375     
  0.4361111      0.000000000000000E+000   3355457843.95420     
  0.4375000      0.000000000000000E+000   3380951675.66470     
  0.4388889      0.000000000000000E+000   3406227648.90368     
  0.4402778      0.000000000000000E+000   3431281306.12631     
  0.4416667      0.000000000000000E+000   3456110418.38011     
  0.4430556      0.000000000000000E+000   3480712378.14384     
  0.4444444      0.000000000000000E+000   3505085310.55281     
  0.4458333      0.000000000000000E+000   3529225404.17170     
  0.4472222      0.000000000000000E+000   3553136785.06171     
  0.4486111      0.000000000000000E+000   3576819229.75373     
  0.4500000      0.000000000000000E+000   3600271263.74437     
  0.4513889      0.000000000000000E+000   3623487862.62393     
  0.4527778      0.000000000000000E+000   3646461826.26342     
  0.4541667      0.000000000000000E+000   3669186009.58505     
  0.4555556      0.000000000000000E+000   3691659664.78199     
  0.4569444      0.000000000000000E+000   3713874186.44199     
  0.4583333      0.000000000000000E+000   3735829497.25570     
  0.4597222      0.000000000000000E+000   3757522285.20377     
  0.4611111      0.000000000000000E+000   3778952960.17612     
  0.4625000      0.000000000000000E+000   3800116455.82475     
  0.4638889      0.000000000000000E+000   3821018058.46470     
  0.4652778      0.000000000000000E+000   3841654928.16922     
  0.4666667      0.000000000000000E+000   3862028171.80630     
  0.4680555      0.000000000000000E+000   3882137085.60092     
  0.4694445      0.000000000000000E+000   3901986389.15323     
  0.4708333      0.000000000000000E+000   3921573384.75760     
  0.4722222      0.000000000000000E+000   3940910595.91136     
  0.4736111      0.000000000000000E+000   3960005405.80399     
  0.4750000      0.000000000000000E+000   3978864922.17979     
  0.4763889      0.000000000000000E+000   3997483925.69507     
  0.4777778      0.000000000000000E+000   4015865638.33385     
  0.4791667      0.000000000000000E+000   4034005644.17292     
  0.4805556      0.000000000000000E+000   4051902522.70462     
  0.4819444      0.000000000000000E+000   4069550295.99592     
  0.4833333      0.000000000000000E+000   4086946118.78644     
  0.4847222      0.000000000000000E+000   4104082966.51068     
  0.4861111      0.000000000000000E+000   4120952902.18654     
  0.4875000      0.000000000000000E+000   4137548717.89086     
  0.4888889      0.000000000000000E+000   4153863991.49104     
  0.4902778      0.000000000000000E+000   4169888049.37023     
  0.4916667      0.000000000000000E+000   4185615015.32096     
  0.4930556      0.000000000000000E+000   4201034233.85167     
  0.4944444      0.000000000000000E+000   4216139217.75499     
  0.4958333      0.000000000000000E+000   4230925542.59603     
  0.4972222      0.000000000000000E+000   4245390638.27690     
  0.4986111      0.000000000000000E+000   4259525459.10690     
  0.5000000      0.000000000000000E+000   4273339715.90950     
  0.5013889      0.000000000000000E+000   4286835310.89958     
  0.5027778      0.000000000000000E+000   4300020072.63658     
  0.5041667      0.000000000000000E+000   4312890906.76040     
  0.5055556      0.000000000000000E+000   4325444865.83545     
  0.5069444      0.000000000000000E+000   4337678707.53466     
  0.5083333      0.000000000000000E+000   4349595503.96703     
  0.5097222      0.000000000000000E+000   4361191213.89626     
  0.5111111      0.000000000000000E+000   4372461477.25460     
  0.5125000      0.000000000000000E+000   4383402903.67134     
  0.5138889      0.000000000000000E+000   4394011267.90478     
  0.5152778      0.000000000000000E+000   4404282228.99694     
  0.5166667      0.000000000000000E+000   4414215008.09143     
  0.5180556      0.000000000000000E+000   4423802298.93997     
  0.5194445      0.000000000000000E+000   4433038306.08500     
  0.5208333      0.000000000000000E+000   4441921382.25099     
  0.5222222      0.000000000000000E+000   4450439729.79755     
  0.5236111      0.000000000000000E+000   4458581098.30969     
  0.5250000      0.000000000000000E+000   4466337563.35496     
  0.5263889      0.000000000000000E+000   4473706655.06997     
  0.5277778      0.000000000000000E+000   4480670914.89971     
  0.5291666      0.000000000000000E+000   4487221727.23312     
  0.5305555      0.000000000000000E+000   4493356925.08248     
  0.5319445      0.000000000000000E+000   4499068944.59436     
  0.5333334      0.000000000000000E+000   4504354018.37265     
  0.5347222      0.000000000000000E+000   4509212313.04741     
  0.5361111      0.000000000000000E+000   4513638236.34344     
  0.5375000      0.000000000000000E+000   4517641659.52698     
  0.5388889      0.000000000000000E+000   4521223643.69349     
  0.5402778      0.000000000000000E+000   4524392925.52103     
  0.5416667      0.000000000000000E+000   4527146232.43058     
  0.5430555      0.000000000000000E+000   4529484067.91278     
  0.5444444      0.000000000000000E+000   4531406116.87305     
  0.5458333      0.000000000000000E+000   4532916379.43819     
  0.5472222      0.000000000000000E+000   4534014708.97505     
  0.5486111      0.000000000000000E+000   4534704775.51692     
  0.5500000      0.000000000000000E+000   4534987286.70902     
  0.5513889      0.000000000000000E+000   4534860596.96594     
  0.5527778      0.000000000000000E+000   4534319942.89705     
  0.5541667      0.000000000000000E+000   4533370425.24002     
  0.5555556      0.000000000000000E+000   4532014850.81128     
  0.5569444      0.000000000000000E+000   4530251012.86446     
  0.5583333      0.000000000000000E+000   4528071887.52023     
  0.5597222      0.000000000000000E+000   4525473369.49403     
  0.5611111      0.000000000000000E+000   4522454000.09394     
  0.5625000      0.000000000000000E+000   4519012619.79009     
  0.5638889      0.000000000000000E+000   4515151827.92344     
  0.5652778      0.000000000000000E+000   4510875718.21095     
  0.5666667      0.000000000000000E+000   4506188955.45916     
  0.5680556      0.000000000000000E+000   4501089626.75272     
  0.5694444      0.000000000000000E+000   4495574059.82980     
  0.5708333      0.000000000000000E+000   4489653539.97516     
  0.5722222      0.000000000000000E+000   4483338654.88044     
  0.5736111      0.000000000000000E+000   4476638241.59305     
  0.5750000      0.000000000000000E+000   4469551964.70907     
  0.5763889      0.000000000000000E+000   4462094628.63709     
  0.5777778      0.000000000000000E+000   4454278598.97714     
  0.5791667      0.000000000000000E+000   4446123312.94270     
  0.5805556      0.000000000000000E+000   4437641282.07796     
  0.5819445      0.000000000000000E+000   4428843191.46125     
  0.5833333      0.000000000000000E+000   4419723180.40143     
  0.5847222      0.000000000000000E+000   4410293215.56383     
  0.5861111      0.000000000000000E+000   4400559502.95393     
  0.5875000      0.000000000000000E+000   4390540794.39031     
  0.5888889      0.000000000000000E+000   4380234189.58549     
  0.5902778      0.000000000000000E+000   4369637305.81243     
  0.5916666      0.000000000000000E+000   4358755418.59681     
  0.5930555      0.000000000000000E+000   4347588871.53223     
  0.5944445      0.000000000000000E+000   4336143303.97331     
  0.5958334      0.000000000000000E+000   4324431070.09475     
  0.5972222      0.000000000000000E+000   4312464226.88324     
  0.5986111      0.000000000000000E+000   4300250807.17140     
  0.6000000      0.000000000000000E+000   4287794992.83735     
  0.6013889      0.000000000000000E+000   4275104415.78740     
  0.6027778      0.000000000000000E+000   4262187118.50232     
  0.6041667      0.000000000000000E+000   4249049296.63259     
  0.6055555      0.000000000000000E+000   4235702471.32202     
  0.6069444      0.000000000000000E+000   4222165002.00823     
  0.6083333      0.000000000000000E+000   4208445681.75164     
  0.6097222      0.000000000000000E+000   4194559207.91938     
  0.6111111      0.000000000000000E+000   4180516394.66202     
  0.6125000      0.000000000000000E+000   4166334051.30556     
  0.6138889      0.000000000000000E+000   4152033329.17324     
  0.6152778      0.000000000000000E+000   4137622549.84028     
  0.6166667      0.000000000000000E+000   4123112235.55719     
  0.6180556      0.000000000000000E+000   4108513954.64614     
  0.6194444      0.000000000000000E+000   4093838111.18165     
  0.6208333      0.000000000000000E+000   4079101358.09999     
  0.6222222      0.000000000000000E+000   4064315427.41825     
  0.6236111      0.000000000000000E+000   4049497265.88396     
  0.6250000      0.000000000000000E+000   4034661150.89150     
  0.6263889      0.000000000000000E+000   4019816188.77763     
  0.6277778      0.000000000000000E+000   4004975509.85618     
  0.6291667      0.000000000000000E+000   3990151135.84898     
  0.6305556      0.000000000000000E+000   3975348929.44392     
  0.6319444      0.000000000000000E+000   3960580760.45066     
  0.6333333      0.000000000000000E+000   3945857329.67819     
  0.6347222      0.000000000000000E+000   3931193567.59262     
  0.6361111      0.000000000000000E+000   3916597264.42317     
  0.6375000      0.000000000000000E+000   3902078557.14109     
  0.6388889      0.000000000000000E+000   3887645268.85249     
  0.6402778      0.000000000000000E+000   3873307449.48243     
  0.6416667      0.000000000000000E+000   3859075290.68761     
  0.6430556      0.000000000000000E+000   3844960038.19169     
  0.6444445      0.000000000000000E+000   3830973530.36043     
  0.6458333      0.000000000000000E+000   3817128907.81508     
  0.6472222      0.000000000000000E+000   3803438892.89476     
  0.6486111      0.000000000000000E+000   3789915257.37908     
  0.6500000      0.000000000000000E+000   3776570060.85031     
  0.6513889      0.000000000000000E+000   3763413971.71514     
  0.6527778      0.000000000000000E+000   3750456972.10168     
  0.6541666      0.000000000000000E+000   3737711006.52330     
  0.6555555      0.000000000000000E+000   3725183898.21657     
  0.6569445      0.000000000000000E+000   3712885580.97479     
  0.6583334      0.000000000000000E+000   3700826879.06868     
  0.6597222      0.000000000000000E+000   3689014357.56920     
  0.6611111      0.000000000000000E+000   3677455434.82063     
  0.6625000      0.000000000000000E+000   3666155361.75614     
  0.6638889      0.000000000000000E+000   3655120241.83769     
  0.6652778      0.000000000000000E+000   3644354636.09352     
  0.6666667      0.000000000000000E+000   3633859305.31289     
  0.6680555      0.000000000000000E+000   3623635582.94842     
  0.6694444      0.000000000000000E+000   3613685591.76376     
  0.6708333      0.000000000000000E+000   3604015327.05204     
  0.6722222      0.000000000000000E+000   3594631136.36806     
  0.6736111      0.000000000000000E+000   3585541438.40645     
  0.6750000      0.000000000000000E+000   3576754487.09121     
  0.6763889      0.000000000000000E+000   3568279407.35344     
  0.6777778      0.000000000000000E+000   3560123685.23054     
  0.6791667      0.000000000000000E+000   3552296616.99849     
  0.6805556      0.000000000000000E+000   3544809048.81116     
  0.6819444      0.000000000000000E+000   3537672682.46884     
  0.6833333      0.000000000000000E+000   3530894792.99926     
  0.6847222      0.000000000000000E+000   3524479745.18162     
  0.6861111      0.000000000000000E+000   3518433111.89619     
  0.6875000      0.000000000000000E+000   3512760730.02903     
  0.6888889      0.000000000000000E+000   3507466421.47675     
  0.6902778      0.000000000000000E+000   3502553301.33920     
  0.6916667      0.000000000000000E+000   3498024192.35357     
  0.6930556      0.000000000000000E+000   3493881201.86573     
  0.6944444      0.000000000000000E+000   3490125963.27364     
  0.6958333      0.000000000000000E+000   3486762509.12054     
  0.6972222      0.000000000000000E+000   3483793583.98283     
  0.6986111      0.000000000000000E+000   3481220110.64412     
  0.7000000      0.000000000000000E+000   3479042514.52739     
  0.7013889      0.000000000000000E+000   3477265836.50651     
  0.7027778      0.000000000000000E+000   3475895993.87519     
  0.7041667      0.000000000000000E+000   3474940183.83494     
  0.7055556      0.000000000000000E+000   3474409352.37694     
  0.7069445      0.000000000000000E+000   3474317642.45482     
  0.7083333      0.000000000000000E+000   3474705167.18863     
  0.7097222      0.000000000000000E+000   3475599223.72427     
  0.7111111      0.000000000000000E+000   3477020023.27313     
  0.7125000      0.000000000000000E+000   3478993365.17168     
  0.7138889      0.000000000000000E+000   3481543174.09676     
  0.7152778      0.000000000000000E+000   3484672841.87854     
  0.7166666      0.000000000000000E+000   3488398385.53433     
  0.7180555      0.000000000000000E+000   3492723753.19852     
  0.7194445      0.000000000000000E+000   3497663315.18437     
  0.7208334      0.000000000000000E+000   3503228251.67838     
  0.7222222      0.000000000000000E+000   3509430294.46970     
  0.7236111      0.000000000000000E+000   3516293805.31774     
  0.7250000      0.000000000000000E+000   3523830205.81970     
  0.7263889      0.000000000000000E+000   3532019843.15249     
  0.7277778      0.000000000000000E+000   3540935306.72831     
  0.7291667      0.000000000000000E+000   3550599643.65009     
  0.7305555      0.000000000000000E+000   3561035940.28488     
  0.7319444      0.000000000000000E+000   3572283095.31177     
  0.7333333      0.000000000000000E+000   3584368353.08953     
  0.7347222      0.000000000000000E+000   3597305550.78820     
  0.7361111      0.000000000000000E+000   3611108227.83262     
  0.7375000      0.000000000000000E+000   3625768871.25902     
  0.7388889      0.000000000000000E+000   3641278571.18693     
  0.7402778      0.000000000000000E+000   3657629844.75042     
  0.7416667      0.000000000000000E+000   3674825532.85013     
  0.7430556      0.000000000000000E+000   3692862683.43223     
  0.7444444      0.000000000000000E+000   3711740651.48373     
  0.7458333      0.000000000000000E+000   3731461219.94310     
  0.7472222      0.000000000000000E+000   3752037467.78930     
  0.7486111      0.000000000000000E+000   3773466007.04976     
  0.7500000      0.000000000000000E+000   3795745717.68909     
  0.7513889      0.000000000000000E+000   3818873064.66936     
  0.7527778      0.000000000000000E+000   3842843145.13310     
  0.7541667      0.000000000000000E+000   3867654495.67643     
  0.7555556      0.000000000000000E+000   3893306491.96294     
  0.7569444      0.000000000000000E+000   3919801367.17752     
  0.7583333      0.000000000000000E+000   3947174281.02308     
  0.7597222      0.000000000000000E+000   3975439532.97409     
  0.7611111      0.000000000000000E+000   4004602333.96240     
  0.7625000      0.000000000000000E+000   4034675316.35747     
  0.7638889      0.000000000000000E+000   4065661921.88089     
  0.7652778      0.000000000000000E+000   4097566619.47392     
  0.7666667      0.000000000000000E+000   4130393583.12804     
  0.7680556      0.000000000000000E+000   4164142536.41501     
  0.7694445      0.000000000000000E+000   4198813132.04860     
  0.7708333      0.000000000000000E+000   4234402998.28855     
  0.7722222      0.000000000000000E+000   4270911758.75860     
  0.7736111      0.000000000000000E+000   4308339578.44528     
  0.7750000      0.000000000000000E+000   4346694596.83132     
  0.7763889      0.000000000000000E+000   4385969484.45322     
  0.7777778      0.000000000000000E+000   4426155836.57640     
  0.7791666      0.000000000000000E+000   4467259308.31837     
  0.7805555      0.000000000000000E+000   4509278055.13436     
  0.7819445      0.000000000000000E+000   4552212116.83686     
  0.7833334      0.000000000000000E+000   4596052375.40588     
  0.7847222      0.000000000000000E+000   4640796283.82479     
  0.7861111      0.000000000000000E+000   4686442254.02173     
  0.7875000      0.000000000000000E+000   4732979801.48540     
  0.7888889      0.000000000000000E+000   4780397693.25003     
  0.7902778      0.000000000000000E+000   4828690549.03532     
  0.7916667      0.000000000000000E+000   4877849914.33963     
  0.7930555      0.000000000000000E+000   4927861637.17152     
  0.7944444      0.000000000000000E+000   4978711403.23729     
  0.7958333      0.000000000000000E+000   5030386198.57499     
  0.7972222      0.000000000000000E+000   5082871824.36685     
  0.7986111      0.000000000000000E+000   5136170287.26503     
  0.8000000      0.000000000000000E+000   5190278523.33556     
  0.8013889      0.000000000000000E+000   5245188544.35004     
  0.8027778      0.000000000000000E+000   5300898527.12860     
  0.8041667      0.000000000000000E+000   5357398671.77307     
  0.8055556      0.000000000000000E+000   5414668305.06593     
  0.8069444      0.000000000000000E+000   5472688048.37825     
  0.8083333      0.000000000000000E+000   5531441643.66208     
  0.8097222      0.000000000000000E+000   5590930744.89031     
  0.8111111      0.000000000000000E+000   5651137596.47072     
  0.8125000      0.000000000000000E+000   5712052287.33319     
  0.8138889      0.000000000000000E+000   5773652807.39495     
  0.8152778      0.000000000000000E+000   5835917252.99448     
  0.8166667      0.000000000000000E+000   5898828614.24115     
  0.8180556      0.000000000000000E+000   5962364190.87507     
  0.8194444      0.000000000000000E+000   6026492080.20180     
  0.8208333      0.000000000000000E+000   6091192420.54914     
  0.8222222      0.000000000000000E+000   6156439648.02122     
  0.8236111      0.000000000000000E+000   6222220861.55560     
  0.8250000      0.000000000000000E+000   6288507600.51055     
  0.8263889      0.000000000000000E+000   6355276272.96328     
  0.8277778      0.000000000000000E+000   6422493560.68245     
  0.8291667      0.000000000000000E+000   6490137761.24472     
  0.8305556      0.000000000000000E+000   6558171639.26516     
  0.8319445      0.000000000000000E+000   6626570189.22579     
  0.8333333      0.000000000000000E+000   6695287226.30352     
  0.8347222      0.000000000000000E+000   6764297812.02628     
  0.8361111      0.000000000000000E+000   6833558334.62187     
  0.8375000      0.000000000000000E+000   6903049357.26131     
  0.8388889      0.000000000000000E+000   6972720246.85995     
  0.8402778      0.000000000000000E+000   7042564519.00264     
  0.8416666      0.000000000000000E+000   7112548391.98529     
  0.8430555      0.000000000000000E+000   7182673317.87670     
  0.8444445      0.000000000000000E+000   7252887407.49102     
  0.8458334      0.000000000000000E+000   7323191701.25432     
  0.8472222      0.000000000000000E+000   7393538124.23719     
  0.8486111      0.000000000000000E+000   7463943853.76482     
  0.8500000      0.000000000000000E+000   7534365099.00251     
  0.8513889      0.000000000000000E+000   7604811739.22728     
  0.8527778      0.000000000000000E+000   7675235809.78991     
  0.8541667      0.000000000000000E+000   7745624004.59305     
  0.8555555      0.000000000000000E+000   7815940311.68971     
  0.8569444      0.000000000000000E+000   7886180124.13822     
  0.8583333      0.000000000000000E+000   7956320524.19902     
  0.8597222      0.000000000000000E+000   8026366545.47787     
  0.8611111      0.000000000000000E+000   8096297332.72434     
  0.8625000      0.000000000000000E+000   8166107678.18185     
  0.8638889      0.000000000000000E+000   8235766503.10421     
  0.8652778      0.000000000000000E+000   8305262580.06373     
  0.8666667      0.000000000000000E+000   8374556984.50363     
  0.8680556      0.000000000000000E+000   8443635820.46293     
  0.8694444      0.000000000000000E+000   8512477176.71979     
  0.8708333      0.000000000000000E+000   8581071727.84541     
  0.8722222      0.000000000000000E+000   8649383174.65020     
  0.8736111      0.000000000000000E+000   8717400677.70475     
  0.8750000      0.000000000000000E+000   8785088094.28707     
  0.8763889      0.000000000000000E+000   8852436621.09297     
  0.8777778      0.000000000000000E+000   8919425303.49436     
  0.8791667      0.000000000000000E+000   8986055903.97245     
  0.8805556      0.000000000000000E+000   9052308619.10569     
  0.8819444      0.000000000000000E+000   9118181226.14327     
  0.8833333      0.000000000000000E+000   9183639449.33022     
  0.8847222      0.000000000000000E+000   9248660209.78401     
  0.8861111      0.000000000000000E+000   9313207534.89818     
  0.8875000      0.000000000000000E+000   9377272907.88621     
  0.8888889      0.000000000000000E+000   9440851156.61399     
  0.8902778      0.000000000000000E+000   9503964573.23802     
  0.8916667      0.000000000000000E+000   9566623075.72056     
  0.8930556      0.000000000000000E+000   9628848573.40961     
  0.8944445      0.000000000000000E+000   9690647274.63740     
  0.8958333      0.000000000000000E+000   9752021718.55932     
  0.8972222      0.000000000000000E+000   9812947017.84017     
  0.8986111      0.000000000000000E+000   9873415470.79030     
  0.9000000      0.000000000000000E+000   9933393480.56633     
  0.9013889      0.000000000000000E+000   9992873349.91861     
  0.9027778      0.000000000000000E+000   10051837343.7455     
  0.9041666      0.000000000000000E+000   10110288491.9343     
  0.9055555      0.000000000000000E+000   10168201398.4611     
  0.9069445      0.000000000000000E+000   10225560870.2486     
  0.9083334      0.000000000000000E+000   10282336284.1837     
  0.9097222      0.000000000000000E+000   10338518772.7033     
  0.9111111      0.000000000000000E+000   10394088630.5411     
  0.9125000      0.000000000000000E+000   10449047354.8720     
  0.9138889      0.000000000000000E+000   10503373474.1323     
  0.9152778      0.000000000000000E+000   10557058632.4871     
  0.9166667      0.000000000000000E+000   10610086999.2262     
  0.9180555      0.000000000000000E+000   10662465317.7221     
  0.9194444      0.000000000000000E+000   10714197607.1479     
  0.9208333      0.000000000000000E+000   10765291306.8084     
  0.9222222      0.000000000000000E+000   10815733670.8336     
  0.9236111      0.000000000000000E+000   10865511697.3308     
  0.9250000      0.000000000000000E+000   10914609168.9660     
  0.9263889      0.000000000000000E+000   10963028917.1922     
  0.9277778      0.000000000000000E+000   11010766098.9556     
  0.9291667      0.000000000000000E+000   11057833430.8364     
  0.9305556      0.000000000000000E+000   11104226965.9365     
  0.9319444      0.000000000000000E+000   11149947561.0660     
  0.9333333      0.000000000000000E+000   11194992908.5979     
  0.9347222      0.000000000000000E+000   11239363430.5963     
  0.9361111      0.000000000000000E+000   11283057852.1044     
  0.9375000      0.000000000000000E+000   11326074383.0593     
  0.9388889      0.000000000000000E+000   11368407742.6141     
  0.9402778      0.000000000000000E+000   11410044139.2037     
  0.9416667      0.000000000000000E+000   11450971453.4336     
  0.9430556      0.000000000000000E+000   11491182144.2944     
  0.9444444      0.000000000000000E+000   11530663967.3939     
  0.9458333      0.000000000000000E+000   11569412197.9152     
  0.9472222      0.000000000000000E+000   11607417038.4577     
  0.9486111      0.000000000000000E+000   11644671336.4199     
  0.9500000      0.000000000000000E+000   11681159492.6736     
  0.9513889      0.000000000000000E+000   11716874372.5462     
  0.9527778      0.000000000000000E+000   11751805944.6117     
  0.9541667      0.000000000000000E+000   11785944630.3603     
  0.9555556      0.000000000000000E+000   11819284735.3406     
  0.9569445      0.000000000000000E+000   11851824688.1646     
  0.9583333      0.000000000000000E+000   11883566943.9411     
  0.9597222      0.000000000000000E+000   11914515055.0693     
  0.9611111      0.000000000000000E+000   11944673576.3271     
  0.9625000      0.000000000000000E+000   11974050555.0967     
  0.9638889      0.000000000000000E+000   12002649859.7734     
  0.9652778      0.000000000000000E+000   12030471642.6535     
  0.9666666      0.000000000000000E+000   12057516928.5806     
  0.9680555      0.000000000000000E+000   12083783801.5212     
  0.9694445      0.000000000000000E+000   12109271323.1129     
  0.9708334      0.000000000000000E+000   12133975870.8178     
  0.9722222      0.000000000000000E+000   12157891125.3911     
  0.9736111      0.000000000000000E+000   12181006933.7145     
  0.9750000      0.000000000000000E+000   12203313256.6307     
  0.9763889      0.000000000000000E+000   12224798278.8394     
  0.9777778      0.000000000000000E+000   12245451949.4692     
  0.9791667      0.000000000000000E+000   12265256843.8752     
  0.9805555      0.000000000000000E+000   12284200918.1572     
  0.9819444      0.000000000000000E+000   12302273910.9614     
  0.9833333      0.000000000000000E+000   12319463752.8735     
  0.9847222      0.000000000000000E+000   12335757132.3338     
  0.9861111      0.000000000000000E+000   12351145104.3925     
  0.9875000      0.000000000000000E+000   12365619704.8285     
  0.9888889      0.000000000000000E+000   12379179688.5834     
  0.9902778      0.000000000000000E+000   12391819606.2571     
  0.9916667      0.000000000000000E+000   12403539141.9173     
  0.9930556      0.000000000000000E+000   12414332106.6846     
  0.9944444      0.000000000000000E+000   12424196083.3548     
  0.9958333      0.000000000000000E+000   12433129632.5382     
  0.9972222      0.000000000000000E+000   12441127681.5969     
  0.9986111      0.000000000000000E+000   12448181887.0678     
   1.000000      0.000000000000000E+000   12454291324.2074     
   1.001389      0.000000000000000E+000   12459448861.0096     
   1.002778      0.000000000000000E+000   12463653600.4506     
   1.004167      0.000000000000000E+000   12466904816.8418     
   1.005556      0.000000000000000E+000   12469203315.5654     
   1.006944      0.000000000000000E+000   12470546154.4993     
   1.008333      0.000000000000000E+000   12470931465.9863     
   1.009722      0.000000000000000E+000   12470352169.6823     
   1.011111      0.000000000000000E+000   12468801373.0137     
   1.012500      0.000000000000000E+000   12466276732.6953     
   1.013889      0.000000000000000E+000   12462779722.8017     
   1.015278      0.000000000000000E+000   12458311314.0767     
   1.016667      0.000000000000000E+000   12452863922.7801     
   1.018056      0.000000000000000E+000   12446422151.9675     
   1.019444      0.000000000000000E+000   12438975314.7737     
   1.020833      0.000000000000000E+000   12430508604.1099     
   1.022222      0.000000000000000E+000   12421014634.0894     
   1.023611      0.000000000000000E+000   12410482199.8414     
   1.025000      0.000000000000000E+000   12398908327.2785     
   1.026389      0.000000000000000E+000   12386297359.1080     
   1.027778      0.000000000000000E+000   12372652857.5897     
   1.029167      0.000000000000000E+000   12357973219.8342     
   1.030556      0.000000000000000E+000   12342264232.2904     
   1.031944      0.000000000000000E+000   12325529065.0404     
   1.033333      0.000000000000000E+000   12307771701.6360     
   1.034722      0.000000000000000E+000   12288998373.6802     
   1.036111      0.000000000000000E+000   12269217864.7645     
   1.037500      0.000000000000000E+000   12248436578.4348     
   1.038889      0.000000000000000E+000   12226657861.3501     
   1.040278      0.000000000000000E+000   12203888970.7087     
   1.041667      0.000000000000000E+000   12180137580.8379     
   1.043056      0.000000000000000E+000   12155410641.3172     
   1.044444      0.000000000000000E+000   12129717969.3403     
   1.045833      0.000000000000000E+000   12103066956.9593     
   1.047222      0.000000000000000E+000   12075468237.2468     
   1.048611      0.000000000000000E+000   12046935457.6517     
   1.050000      0.000000000000000E+000   12017486286.6358     
   1.051389      0.000000000000000E+000   11987139953.8724     
   1.052778      0.000000000000000E+000   11955919105.8031     
   1.054167      0.000000000000000E+000   11923841740.9399     
   1.055556      0.000000000000000E+000   11890933290.1614     
   1.056944      0.000000000000000E+000   11857213867.4446     
   1.058333      0.000000000000000E+000   11822710993.5127     
   1.059722      0.000000000000000E+000   11787444972.7247     
   1.061111      0.000000000000000E+000   11751438467.4001     
   1.062500      0.000000000000000E+000   11714710769.8393     
   1.063889      0.000000000000000E+000   11677277962.8457     
   1.065278      0.000000000000000E+000   11639156376.6215     
   1.066667      0.000000000000000E+000   11600363357.5268     
   1.068056      0.000000000000000E+000   11560909448.2612     
   1.069444      0.000000000000000E+000   11520810284.4801     
   1.070833      0.000000000000000E+000   11480086522.1844     
   1.072222      0.000000000000000E+000   11438750916.3019     
   1.073611      0.000000000000000E+000   11396830235.5768     
   1.075000      0.000000000000000E+000   11354354369.4364     
   1.076389      0.000000000000000E+000   11311344246.4340     
   1.077778      0.000000000000000E+000   11267828191.1673     
   1.079167      0.000000000000000E+000   11223835512.5801     
   1.080556      0.000000000000000E+000   11179398106.6106     
   1.081944      0.000000000000000E+000   11134554910.3592     
   1.083333      0.000000000000000E+000   11089335770.3579     
   1.084722      0.000000000000000E+000   11043785348.3095     
   1.086111      0.000000000000000E+000   10997935076.7345     
   1.087500      0.000000000000000E+000   10951824115.1574     
   1.088889      0.000000000000000E+000   10905483576.0159     
   1.090278      0.000000000000000E+000   10858947033.2177     
   1.091667      0.000000000000000E+000   10812245750.3423     
   1.093056      0.000000000000000E+000   10765409227.5607     
   1.094444      0.000000000000000E+000   10718460973.2629     
   1.095833      0.000000000000000E+000   10671429586.4529     
   1.097222      0.000000000000000E+000   10624337242.1199     
   1.098611      0.000000000000000E+000   10577200720.1867     
   1.100000      0.000000000000000E+000   10530032891.2888     
   1.101389      0.000000000000000E+000   10482854065.3488     
   1.102778      0.000000000000000E+000   10435684595.2970     
   1.104167      0.000000000000000E+000   10388541003.2206     
   1.105556      0.000000000000000E+000   10341432089.5703     
   1.106944      0.000000000000000E+000   10294376644.1088     
   1.108333      0.000000000000000E+000   10247382125.9091     
   1.109722      0.000000000000000E+000   10200466056.9555     
   1.111111      0.000000000000000E+000   10153644356.7370     
   1.112500      0.000000000000000E+000   10106927657.6707     
   1.113889      0.000000000000000E+000   10060320444.9133     
   1.115278      0.000000000000000E+000   10013830479.8933     
   1.116667      0.000000000000000E+000   9967469896.90205     
   1.118056      0.000000000000000E+000   9921257377.29431     
   1.119444      0.000000000000000E+000   9875192683.58766     
   1.120833      0.000000000000000E+000   9829291485.55847     
   1.122222      0.000000000000000E+000   9783575432.48151     
   1.123611      0.000000000000000E+000   9738056941.74255     
   1.125000      0.000000000000000E+000   9692762952.28100     
   1.126389      0.000000000000000E+000   9647713126.45932     
   1.127778      0.000000000000000E+000   9602929245.36639     
   1.129167      0.000000000000000E+000   9558434898.13179     
   1.130556      0.000000000000000E+000   9514250407.31014     
   1.131944      0.000000000000000E+000   9470406668.26181     
   1.133333      0.000000000000000E+000   9426916100.07395     
   1.134722      0.000000000000000E+000   9383796223.27360     
   1.136111      0.000000000000000E+000   9341068129.41257     
   1.137500      0.000000000000000E+000   9298754433.02929     
   1.138889      0.000000000000000E+000   9256892733.18226     
   1.140278      0.000000000000000E+000   9215490358.93441     
   1.141667      0.000000000000000E+000   9174570162.13900     
   1.143056      0.000000000000000E+000   9134154019.38149     
   1.144444      0.000000000000000E+000   9094265778.59894     
   1.145833      0.000000000000000E+000   9054917315.72092     
   1.147222      0.000000000000000E+000   9016121392.19306     
   1.148611      0.000000000000000E+000   8977894716.77036     
   1.150000      0.000000000000000E+000   8940252076.94671     
   1.151389      0.000000000000000E+000   8903206606.72970     
   1.152778      0.000000000000000E+000   8866767919.77862     
   1.154167      0.000000000000000E+000   8830944713.29181     
   1.155556      0.000000000000000E+000   8795740837.78899     
   1.156944      0.000000000000000E+000   8761166841.82785     
   1.158333      0.000000000000000E+000   8727222461.04770     
   1.159722      0.000000000000000E+000   8693915639.43581     
   1.161111      0.000000000000000E+000   8661258340.24644     
   1.162500      0.000000000000000E+000   8629252318.97183     
   1.163889      0.000000000000000E+000   8597906721.80708     
   1.165278      0.000000000000000E+000   8567223669.82542     
   1.166667      0.000000000000000E+000   8537207385.49685     
   1.168056      0.000000000000000E+000   8507870072.93584     
   1.169444      0.000000000000000E+000   8479220302.65973     
   1.170833      0.000000000000000E+000   8451264466.89129     
   1.172222      0.000000000000000E+000   8424021759.17387     
   1.173611      0.000000000000000E+000   8397494402.03178     
   1.175000      0.000000000000000E+000   8371686376.24834     
   1.176389      0.000000000000000E+000   8346597439.83956     
   1.177778      0.000000000000000E+000   8322222802.97559     
   1.179167      0.000000000000000E+000   8298557230.49752     
   1.180556      0.000000000000000E+000   8275593321.09333     
   1.181944      0.000000000000000E+000   8253322328.20285     
   1.183333      0.000000000000000E+000   8231740355.51164     
   1.184722      0.000000000000000E+000   8210841287.51696     
   1.186111      0.000000000000000E+000   8190621133.88367     
   1.187500      0.000000000000000E+000   8171080253.61149     
   1.188889      0.000000000000000E+000   8152216932.05057     
   1.190278      0.000000000000000E+000   8134027410.55991     
   1.191667      0.000000000000000E+000   8116515016.38168     
   1.193056      0.000000000000000E+000   8099677415.89507     
   1.194444      0.000000000000000E+000   8083516689.63959     
   1.195833      0.000000000000000E+000   8068035004.75694     
   1.197222      0.000000000000000E+000   8053231587.91772     
   1.198611      0.000000000000000E+000   8039107449.21352     
   1.200000      0.000000000000000E+000   8025663477.06441     
   1.201389      0.000000000000000E+000   8012900714.30815     
   1.202778      0.000000000000000E+000   8000820915.94025     
   1.204167      0.000000000000000E+000   7989424730.17781     
   1.205556      0.000000000000000E+000   7978711098.51308     
   1.206944      0.000000000000000E+000   7968681188.97415     
   1.208333      0.000000000000000E+000   7959337243.03207     
   1.209722      0.000000000000000E+000   7950682024.42342     
   1.211111      0.000000000000000E+000   7942718584.54595     
   1.212500      0.000000000000000E+000   7935451584.95918     
   1.213889      0.000000000000000E+000   7928882858.15802     
   1.215278      0.000000000000000E+000   7923016128.70603     
   1.216667      0.000000000000000E+000   7917858144.04007     
   1.218056      0.000000000000000E+000   7913414509.17214     
   1.219444      0.000000000000000E+000   7909690840.92421     
   1.220833      0.000000000000000E+000   7906686986.94480     
   1.222222      0.000000000000000E+000   7904407249.12809     
   1.223611      0.000000000000000E+000   7902856416.74585     
   1.225000      0.000000000000000E+000   7902040415.43591     
   1.226389      0.000000000000000E+000   7901961422.41017     
   1.227778      0.000000000000000E+000   7902621852.93004     
   1.229167      0.000000000000000E+000   7904023959.14087     
   1.230556      0.000000000000000E+000   7906161222.15871     
   1.231944      0.000000000000000E+000   7909041979.11733     
   1.233333      0.000000000000000E+000   7912670934.13379     
   1.234722      0.000000000000000E+000   7917044996.21136     
   1.236111      0.000000000000000E+000   7922173478.61377     
   1.237500      0.000000000000000E+000   7928061406.26797     
   1.238889      0.000000000000000E+000   7934715041.69887     
   1.240278      0.000000000000000E+000   7942138516.93860     
   1.241667      0.000000000000000E+000   7950336996.35031     
   1.243056      0.000000000000000E+000   7959314101.44896     
   1.244444      0.000000000000000E+000   7969077370.63853     
   1.245833      0.000000000000000E+000   7979628862.22762     
   1.247222      0.000000000000000E+000   7990970770.07508     
   1.248611      0.000000000000000E+000   8003103723.08241     
   1.250000      0.000000000000000E+000   8016043403.13672     
   1.251389      0.000000000000000E+000   8029793201.86861     
   1.252778      0.000000000000000E+000   8044355005.25484     
   1.254167      0.000000000000000E+000   8059728356.81381     
   1.255556      0.000000000000000E+000   8075914027.27795     
   1.256944      0.000000000000000E+000   8092912381.51356     
   1.258333      0.000000000000000E+000   8110722591.24168     
   1.259722      0.000000000000000E+000   8129345004.44849     
   1.261111      0.000000000000000E+000   8148777993.27938     
   1.262500      0.000000000000000E+000   8169022297.47349     
   1.263889      0.000000000000000E+000   8190076651.09511     
   1.265278      0.000000000000000E+000   8211935287.92496     
   1.266667      0.000000000000000E+000   8234598339.43025     
   1.268056      0.000000000000000E+000   8258069715.74714     
   1.269444      0.000000000000000E+000   8282349773.88601     
   1.270833      0.000000000000000E+000   8307438529.55492     
   1.272222      0.000000000000000E+000   8333338865.00782     
   1.273611      0.000000000000000E+000   8360051005.92591     
   1.275000      0.000000000000000E+000   8387578806.11394     
   1.276389      0.000000000000000E+000   8415924374.45677     
   1.277778      0.000000000000000E+000   8445098390.09177     
   1.279167      0.000000000000000E+000   8475101352.37801     
   1.280556      0.000000000000000E+000   8505927687.03735     
   1.281944      0.000000000000000E+000   8537577331.85979     
   1.283333      0.000000000000000E+000   8570052307.01720     
   1.284722      0.000000000000000E+000   8603351912.76223     
   1.286111      0.000000000000000E+000   8637479241.76823     
   1.287500      0.000000000000000E+000   8672439151.95468     
   1.288889      0.000000000000000E+000   8708231727.33432     
   1.290278      0.000000000000000E+000   8744860329.10410     
   1.291667      0.000000000000000E+000   8782323097.70195     
   1.293056      0.000000000000000E+000   8820617316.60177     
   1.294444      0.000000000000000E+000   8859741823.68107     
   1.295833      0.000000000000000E+000   8899695480.70572     
   1.297222      0.000000000000000E+000   8940475151.98845     
   1.298611      0.000000000000000E+000   8982076453.84547     
   1.300000      0.000000000000000E+000   9024498826.17804     
   1.301389      0.000000000000000E+000   9067741169.00055     
   1.302778      0.000000000000000E+000   9111802025.99872     
   1.304167      0.000000000000000E+000   9156680057.24137     
   1.305556      0.000000000000000E+000   9202368362.62661     
   1.306944      0.000000000000000E+000   9248865104.58412     
   1.308333      0.000000000000000E+000   9296169920.24998     
   1.309722      0.000000000000000E+000   9344280428.30626     
   1.311111      0.000000000000000E+000   9393198651.99796     
   1.312500      0.000000000000000E+000   9442933011.14169     
   1.313889      0.000000000000000E+000   9493480307.43076     
   1.315278      0.000000000000000E+000   9544840088.97407     
   1.316667      0.000000000000000E+000   9597018688.31582     
   1.318056      0.000000000000000E+000   9650009920.01925     
   1.319444      0.000000000000000E+000   9703806458.05515     
   1.320833      0.000000000000000E+000   9758400175.35936     
   1.322222      0.000000000000000E+000   9813788434.86733     
   1.323611      0.000000000000000E+000   9869961630.93226     
   1.325000      0.000000000000000E+000   9926926490.92264     
   1.326389      0.000000000000000E+000   9984672604.46329     
   1.327778      0.000000000000000E+000   10043199712.0707     
   1.329167      0.000000000000000E+000   10102495537.5986     
   1.330556      0.000000000000000E+000   10162559519.4579     
   1.331944      0.000000000000000E+000   10223389708.3892     
   1.333333      0.000000000000000E+000   10284983431.6326     
   1.334722      0.000000000000000E+000   10347327715.3875     
   1.336111      0.000000000000000E+000   10410422780.5802     
   1.337500      0.000000000000000E+000   10474258645.4115     
   1.338889      0.000000000000000E+000   10538825341.4212     
   1.340278      0.000000000000000E+000   10604122133.7645     
   1.341667      0.000000000000000E+000   10670143499.8259     
   1.343056      0.000000000000000E+000   10736876439.3520     
   1.344444      0.000000000000000E+000   10804320193.3908     
   1.345833      0.000000000000000E+000   10872454465.3621     
   1.347222      0.000000000000000E+000   10941271964.3796     
   1.348611      0.000000000000000E+000   11010747750.7261     
   1.350000      0.000000000000000E+000   11080868533.7091     
   1.351389      0.000000000000000E+000   11151611539.7692     
   1.352778      0.000000000000000E+000   11222962815.8126     
   1.354167      0.000000000000000E+000   11294904375.3581     
   1.355556      0.000000000000000E+000   11367429321.1539     
   1.356944      0.000000000000000E+000   11440518894.3229     
   1.358333      0.000000000000000E+000   11514169843.1973     
   1.359722      0.000000000000000E+000   11588357588.4709     
   1.361111      0.000000000000000E+000   11663064363.1525     
   1.362500      0.000000000000000E+000   11738268126.7697     
   1.363889      0.000000000000000E+000   11813955363.7760     
   1.365278      0.000000000000000E+000   11890107375.1187     
   1.366667      0.000000000000000E+000   11966708624.6441     
   1.368056      0.000000000000000E+000   12043739636.8580     
   1.369444      0.000000000000000E+000   12121189659.3954     
   1.370833      0.000000000000000E+000   12199039803.5794     
   1.372222      0.000000000000000E+000   12277269089.6627     
   1.373611      0.000000000000000E+000   12355858236.1298     
   1.375000      0.000000000000000E+000   12434787964.2205     
   1.376389      0.000000000000000E+000   12514044032.9631     
   1.377778      0.000000000000000E+000   12593609441.4535     
   1.379167      0.000000000000000E+000   12673472245.1474     
   1.380556      0.000000000000000E+000   12753615892.1505     
   1.381944      0.000000000000000E+000   12834021402.4635     
   1.383333      0.000000000000000E+000   12914671864.9762     
   1.384722      0.000000000000000E+000   12995539687.6018     
   1.386111      0.000000000000000E+000   13076601167.3369     
   1.387500      0.000000000000000E+000   13157833009.8881     
   1.388889      0.000000000000000E+000   13239207158.0387     
   1.390278      0.000000000000000E+000   13320700824.9943     
   1.391667      0.000000000000000E+000   13402293394.3247     
   1.393056      0.000000000000000E+000   13483960947.5235     
   1.394444      0.000000000000000E+000   13565682649.7086     
   1.395833      0.000000000000000E+000   13647438737.2247     
   1.397222      0.000000000000000E+000   13729204986.4487     
   1.398611      0.000000000000000E+000   13810959609.4644     
   1.400000      0.000000000000000E+000   13892676754.2117     
   1.401389      0.000000000000000E+000   13974334491.5230     
   1.402778      0.000000000000000E+000   14055903627.5896     
   1.404167      0.000000000000000E+000   14137361938.3675     
   1.405556      0.000000000000000E+000   14218679869.0429     
   1.406944      0.000000000000000E+000   14299837459.8303     
   1.408333      0.000000000000000E+000   14380802903.7962     
   1.409722      0.000000000000000E+000   14461554814.0296     
   1.411111      0.000000000000000E+000   14542067747.8246     
   1.412500      0.000000000000000E+000   14622330918.5676     
   1.413889      0.000000000000000E+000   14702321571.8101     
   1.415278      0.000000000000000E+000   14782032030.8193     
   1.416667      0.000000000000000E+000   14861438356.7298     
   1.418056      0.000000000000000E+000   14940525570.3128     
   1.419444      0.000000000000000E+000   15019265836.2042     
   1.420833      0.000000000000000E+000   15097643913.0264     
   1.422222      0.000000000000000E+000   15175628746.5481     
   1.423611      0.000000000000000E+000   15253208101.5530     
   1.425000      0.000000000000000E+000   15330350029.4676     
   1.426389      0.000000000000000E+000   15407033806.6943     
   1.427778      0.000000000000000E+000   15483223611.4362     
   1.429167      0.000000000000000E+000   15558905702.6779     
   1.430556      0.000000000000000E+000   15634049045.6585     
   1.431944      0.000000000000000E+000   15708637486.5747     
   1.433333      0.000000000000000E+000   15782638678.3225     
   1.434722      0.000000000000000E+000   15856030713.6983     
   1.436111      0.000000000000000E+000   15928779479.3760     
   1.437500      0.000000000000000E+000   16000862305.1165     
   1.438889      0.000000000000000E+000   16072247745.7877     
   1.440278      0.000000000000000E+000   16142916631.1715     
   1.441667      0.000000000000000E+000   16212837780.2211     
   1.443056      0.000000000000000E+000   16281992304.7841     
   1.444444      0.000000000000000E+000   16350353702.8353     
   1.445833      0.000000000000000E+000   16417913048.6580     
   1.447222      0.000000000000000E+000   16484644755.8143     
   1.448611      0.000000000000000E+000   16550531692.4463     
   1.450000      0.000000000000000E+000   16615551198.4960     
   1.451389      0.000000000000000E+000   16679678388.2629     
   1.452778      0.000000000000000E+000   16742888590.7211     
   1.454167      0.000000000000000E+000   16805168531.1784     
   1.455556      0.000000000000000E+000   16866498818.2196     
   1.456944      0.000000000000000E+000   16926871220.3161     
   1.458333      0.000000000000000E+000   16986270776.8654     
   1.459722      0.000000000000000E+000   17044688609.7067     
   1.461111      0.000000000000000E+000   17102105861.4917     
   1.462500      0.000000000000000E+000   17158506188.7612     
   1.463889      0.000000000000000E+000   17213868451.4108     
   1.465278      0.000000000000000E+000   17268179324.2971     
   1.466667      0.000000000000000E+000   17321412448.8830     
   1.468056      0.000000000000000E+000   17373553318.4449     
   1.469444      0.000000000000000E+000   17424582713.8898     
   1.470833      0.000000000000000E+000   17474488399.1128     
   1.472222      0.000000000000000E+000   17523251816.1462     
   1.473611      0.000000000000000E+000   17570863498.7715     
   1.475000      0.000000000000000E+000   17617307236.6247     
   1.476389      0.000000000000000E+000   17662579646.8581     
   1.477778      0.000000000000000E+000   17706658409.5017     
   1.479167      0.000000000000000E+000   17749549764.5663     
   1.480556      0.000000000000000E+000   17791240911.9853     
   1.481944      0.000000000000000E+000   17831729955.9919     
   1.483333      0.000000000000000E+000   17871005020.9662     
   1.484722      0.000000000000000E+000   17909064499.2528     
   1.486111      0.000000000000000E+000   17945895782.0403     
   1.487500      0.000000000000000E+000   17981504424.3405     
   1.488889      0.000000000000000E+000   18015878300.5113     
   1.490278      0.000000000000000E+000   18049021043.3003     
   1.491667      0.000000000000000E+000   18080920026.2318     
   1.493056      0.000000000000000E+000   18111583549.2025     
   1.494444      0.000000000000000E+000   18140999467.1861     
   1.495833      0.000000000000000E+000   18169172404.2985     
   1.497222      0.000000000000000E+000   18196096825.8627     
   1.498611      0.000000000000000E+000   18221777867.4666     
   1.500000      0.000000000000000E+000   18246205194.0519     
   1.501389      0.000000000000000E+000   18269383171.2672     
   1.502778      0.000000000000000E+000   18291305184.5759     
   1.504167      0.000000000000000E+000   18311979313.3676     
   1.505556      0.000000000000000E+000   18331398858.6722     
   1.506944      0.000000000000000E+000   18349568953.9872     
   1.508333      0.000000000000000E+000   18366487463.1237     
   1.509722      0.000000000000000E+000   18382163339.5579     
   1.511111      0.000000000000000E+000   18396600506.2411     
   1.512500      0.000000000000000E+000   18409812085.7420     
   1.513889      0.000000000000000E+000   18421801592.3745     
   1.515278      0.000000000000000E+000   18432577142.1758     
   1.516667      0.000000000000000E+000   18442153756.7241     
   1.518056      0.000000000000000E+000   18450558047.8168     
   1.519444      0.000000000000000E+000   18457800705.9905     
   1.520833      0.000000000000000E+000   18463899489.8639     
   1.522222      0.000000000000000E+000   18468864430.2732     
   1.523611      0.000000000000000E+000   18472711743.8804     
   1.525000      0.000000000000000E+000   18475452971.5278     
   1.526389      0.000000000000000E+000   18477099997.9297     
   1.527778      0.000000000000000E+000   18477663877.7184     
   1.529167      0.000000000000000E+000   18477163197.5672     
   1.530556      0.000000000000000E+000   18475609996.0201     
   1.531944      0.000000000000000E+000   18473021680.8390     
   1.533333      0.000000000000000E+000   18469405615.1520     
   1.534722      0.000000000000000E+000   18464773393.4242     
   1.536111      0.000000000000000E+000   18459134145.5367     
   1.537500      0.000000000000000E+000   18452509809.8704     
   1.538889      0.000000000000000E+000   18444910937.1702     
   1.540278      0.000000000000000E+000   18436353790.9438     
   1.541667      0.000000000000000E+000   18426848999.5890     
   1.543056      0.000000000000000E+000   18416415666.4769     
   1.544444      0.000000000000000E+000   18405064091.2316     
   1.545833      0.000000000000000E+000   18392811070.5222     
   1.547222      0.000000000000000E+000   18379671899.2993     
   1.548611      0.000000000000000E+000   18365666858.3784     
   1.550000      0.000000000000000E+000   18350810194.4896     
   1.551389      0.000000000000000E+000   18335116512.6034     
   1.552778      0.000000000000000E+000   18318604392.0431     
   1.554167      0.000000000000000E+000   18301294890.5325     
   1.555556      0.000000000000000E+000   18283207521.8312     
   1.556944      0.000000000000000E+000   18264359343.6184     
   1.558333      0.000000000000000E+000   18244770363.1682     
   1.559722      0.000000000000000E+000   18224454458.9955     
   1.561111      0.000000000000000E+000   18203424122.3801     
   1.562500      0.000000000000000E+000   18181689928.9357     
   1.563889      0.000000000000000E+000   18159258444.1343     
   1.565278      0.000000000000000E+000   18136139202.8128     
   1.566667      0.000000000000000E+000   18112336389.1029     
   1.568056      0.000000000000000E+000   18087857412.5779     
   1.569444      0.000000000000000E+000   18062711048.9269     
   1.570833      0.000000000000000E+000   18036898381.1513     
   1.572222      0.000000000000000E+000   18010416850.1986     
   1.573611      0.000000000000000E+000   17983269983.4661     
   1.575000      0.000000000000000E+000   17955462222.7661     
   1.576389      0.000000000000000E+000   17927000075.6010     
   1.577778      0.000000000000000E+000   17897889297.3003     
   1.579167      0.000000000000000E+000   17868140573.9724     
   1.580556      0.000000000000000E+000   17837765959.7469     
   1.581944      0.000000000000000E+000   17806777027.6975     
   1.583333      0.000000000000000E+000   17775184932.6267     
   1.584722      0.000000000000000E+000   17742995820.5882     
   1.586111      0.000000000000000E+000   17710221328.1954     
   1.587500      0.000000000000000E+000   17676872396.0763     
   1.588889      0.000000000000000E+000   17642962308.8064     
   1.590278      0.000000000000000E+000   17608504377.2723     
   1.591667      0.000000000000000E+000   17573510437.7800     
   1.593056      0.000000000000000E+000   17537998593.1817     
   1.594444      0.000000000000000E+000   17501985296.8286     
   1.595833      0.000000000000000E+000   17465489165.1220     
   1.597222      0.000000000000000E+000   17428525919.7949     
   1.598611      0.000000000000000E+000   17391121196.2339     
   1.600000      0.000000000000000E+000   17353296848.4630     
   1.601389      0.000000000000000E+000   17315071871.5710     
   1.602778      0.000000000000000E+000   17276467353.5025     
   1.604167      0.000000000000000E+000   17237506212.6336     
   1.605556      0.000000000000000E+000   17198207794.9888     
   1.606944      0.000000000000000E+000   17158590886.0175     
   1.608333      0.000000000000000E+000   17118676315.1362     
   1.609722      0.000000000000000E+000   17078483063.3216     
   1.611111      0.000000000000000E+000   17038029462.0972     
   1.612500      0.000000000000000E+000   16997337142.1342     
   1.613889      0.000000000000000E+000   16956424558.6182     
   1.615278      0.000000000000000E+000   16915313824.3477     
   1.616667      0.000000000000000E+000   16874027224.7769     
   1.618056      0.000000000000000E+000   16832587392.2068     
   1.619444      0.000000000000000E+000   16791014232.2957     
   1.620833      0.000000000000000E+000   16749329987.8113     
   1.622222      0.000000000000000E+000   16707561609.3358     
   1.623611      0.000000000000000E+000   16665735574.3198     
   1.625000      0.000000000000000E+000   16623876535.8196     
   1.626389      0.000000000000000E+000   16582011061.9268     
   1.627778      0.000000000000000E+000   16540162132.2861     
   1.629167      0.000000000000000E+000   16498353190.4322     
   1.630556      0.000000000000000E+000   16456602227.3384     
   1.631944      0.000000000000000E+000   16414928636.9848     
   1.633333      0.000000000000000E+000   16373348652.8577     
   1.634722      0.000000000000000E+000   16331875834.8006     
   1.636111      0.000000000000000E+000   16290522905.5947     
   1.637500      0.000000000000000E+000   16249303978.3446     
   1.638889      0.000000000000000E+000   16208235215.6618     
   1.640278      0.000000000000000E+000   16167328013.6424     
   1.641667      0.000000000000000E+000   16126593847.5644     
   1.643056      0.000000000000000E+000   16086040281.9481     
   1.644444      0.000000000000000E+000   16045675870.1862     
   1.645833      0.000000000000000E+000   16005502997.2673     
   1.647222      0.000000000000000E+000   15965526275.6634     
   1.648611      0.000000000000000E+000   15925747560.8101     
   1.650000      0.000000000000000E+000   15886169091.2939     
   1.651389      0.000000000000000E+000   15846792930.8116     
   1.652778      0.000000000000000E+000   15807621605.8575     
   1.654167      0.000000000000000E+000   15768655794.5933     
   1.655556      0.000000000000000E+000   15729899958.3657     
   1.656944      0.000000000000000E+000   15691360075.1518     
   1.658333      0.000000000000000E+000   15653039465.7593     
   1.659722      0.000000000000000E+000   15614939552.6913     
   1.661111      0.000000000000000E+000   15577065852.1007     
   1.662500      0.000000000000000E+000   15539422100.3510     
   1.663889      0.000000000000000E+000   15502017273.7766     
   1.665278      0.000000000000000E+000   15464857654.5761     
   1.666667      0.000000000000000E+000   15427953851.3559     
   1.668056      0.000000000000000E+000   15391318043.7647     
   1.669444      0.000000000000000E+000   15354961441.8992     
   1.670833      0.000000000000000E+000   15318901835.8975     
   1.672222      0.000000000000000E+000   15283153713.2249     
   1.673611      0.000000000000000E+000   15247731606.6934     
   1.675000      0.000000000000000E+000   15212646350.7283     
   1.676389      0.000000000000000E+000   15177909236.3462     
   1.677778      0.000000000000000E+000   15143533282.6809     
   1.679167      0.000000000000000E+000   15109529679.3059     
   1.680556      0.000000000000000E+000   15075907801.7520     
   1.681944      0.000000000000000E+000   15042675265.8790     
   1.683333      0.000000000000000E+000   15009846771.2921     
   1.684722      0.000000000000000E+000   14977430823.8594     
   1.686111      0.000000000000000E+000   14945456050.4971     
   1.687500      0.000000000000000E+000   14913925695.9013     
   1.688889      0.000000000000000E+000   14882847553.1809     
   1.690278      0.000000000000000E+000   14852232005.8608     
   1.691667      0.000000000000000E+000   14822094566.9438     
   1.693056      0.000000000000000E+000   14792446294.3496     
   1.694444      0.000000000000000E+000   14763299274.7665     
   1.695833      0.000000000000000E+000   14734663559.8312     
   1.697222      0.000000000000000E+000   14706548441.3389     
   1.698611      0.000000000000000E+000   14678964961.0846     
   1.700000      0.000000000000000E+000   14651926335.2101     
   1.701389      0.000000000000000E+000   14625440646.7987     
   1.702778      0.000000000000000E+000   14599521510.4956     
   1.704167      0.000000000000000E+000   14574180449.8860     
   1.705556      0.000000000000000E+000   14549429733.6020     
   1.706944      0.000000000000000E+000   14525282809.4776     
   1.708333      0.000000000000000E+000   14501755247.0301     
   1.709722      0.000000000000000E+000   14478865153.1941     
   1.711111      0.000000000000000E+000   14456635057.6290     
   1.712500      0.000000000000000E+000   14435084677.0098     
   1.713889      0.000000000000000E+000   14414236274.1292     
   1.715278      0.000000000000000E+000   14394113443.3381     
   1.716667      0.000000000000000E+000   14374738048.1864     
   1.718056      0.000000000000000E+000   14356133638.9691     
   1.719444      0.000000000000000E+000   14338323004.0558     
   1.720833      0.000000000000000E+000   14321326920.1317     
   1.722222      0.000000000000000E+000   14305167900.5438     
   1.723611      0.000000000000000E+000   14289865054.6409     
   1.725000      0.000000000000000E+000   14275437971.1882     
   1.726389      0.000000000000000E+000   14261902171.7333     
   1.727778      0.000000000000000E+000   14249273851.6018     
   1.729167      0.000000000000000E+000   14237573180.6539     
   1.730556      0.000000000000000E+000   14226815945.1506     
   1.731944      0.000000000000000E+000   14217015115.1245     
   1.733333      0.000000000000000E+000   14208183711.7400     
   1.734722      0.000000000000000E+000   14200332992.9894     
   1.736111      0.000000000000000E+000   14193476369.8396     
   1.737500      0.000000000000000E+000   14187624101.2557     
   1.738889      0.000000000000000E+000   14182789019.7491     
   1.740278      0.000000000000000E+000   14178985632.1174     
   1.741667      0.000000000000000E+000   14176230448.3345     
   1.743056      0.000000000000000E+000   14174538649.7072     
   1.744444      0.000000000000000E+000   14173926071.7756     
   1.745833      0.000000000000000E+000   14174406488.0831     
   1.747222      0.000000000000000E+000   14175995338.0650     
   1.748611      0.000000000000000E+000   14178708391.1438     
   1.750000      0.000000000000000E+000   14182561327.1161     
   1.751389      0.000000000000000E+000   14187572175.1489     
   1.752778      0.000000000000000E+000   14193758116.5771     
   1.754167      0.000000000000000E+000   14201134891.9131     
   1.755556      0.000000000000000E+000   14209721237.4626     
   1.756944      0.000000000000000E+000   14219533434.3740     
   1.758333      0.000000000000000E+000   14230586465.1980     
   1.759722      0.000000000000000E+000   14242899473.0351     
   1.761111      0.000000000000000E+000   14256486909.2185     
   1.762500      0.000000000000000E+000   14271368028.9506     
   1.763889      0.000000000000000E+000   14287552098.7451     
   1.765278      0.000000000000000E+000   14305049832.3913     
   1.766667      0.000000000000000E+000   14323871502.0223     
   1.768056      0.000000000000000E+000   14344024225.9161     
   1.769444      0.000000000000000E+000   14365511429.1903     
   1.770833      0.000000000000000E+000   14388335096.8176     
   1.772222      0.000000000000000E+000   14412495658.6200     
   1.773611      0.000000000000000E+000   14437993197.4504     
   1.775000      0.000000000000000E+000   14464827114.7908     
   1.776389      0.000000000000000E+000   14492997248.2756     
   1.777778      0.000000000000000E+000   14522502491.6970     
   1.779167      0.000000000000000E+000   14553341104.8957     
   1.780556      0.000000000000000E+000   14585510140.6612     
   1.781944      0.000000000000000E+000   14619006950.9412     
   1.783333      0.000000000000000E+000   14653828351.6264     
   1.784722      0.000000000000000E+000   14689973894.7771     
   1.786111      0.000000000000000E+000   14727443505.6163     
   1.787500      0.000000000000000E+000   14766238259.5623     
   1.788889      0.000000000000000E+000   14806356361.0592     
   1.790278      0.000000000000000E+000   14847804128.0540     
   1.791667      0.000000000000000E+000   14890591682.3496     
   1.793056      0.000000000000000E+000   14934725133.9633     
   1.794444      0.000000000000000E+000   14980203655.6165     
   1.795833      0.000000000000000E+000   15027029809.3212     
   1.797222      0.000000000000000E+000   15075200486.5222     
   1.798611      0.000000000000000E+000   15124715022.9913     
   1.800000      0.000000000000000E+000   15175575520.7354     
   1.801389      0.000000000000000E+000   15227784145.3564     
   1.802778      0.000000000000000E+000   15281338413.0653     
   1.804167      0.000000000000000E+000   15336235551.7857     
   1.805556      0.000000000000000E+000   15392471102.0859     
   1.806944      0.000000000000000E+000   15450040579.1221     
   1.808333      0.000000000000000E+000   15508934301.0066     
   1.809722      0.000000000000000E+000   15569145414.2241     
   1.811111      0.000000000000000E+000   15630669448.5257     
   1.812500      0.000000000000000E+000   15693500477.8802     
   1.813889      0.000000000000000E+000   15757625883.1311     
   1.815278      0.000000000000000E+000   15823037234.2322     
   1.816667      0.000000000000000E+000   15889717817.4352     
   1.818056      0.000000000000000E+000   15957660200.0268     
   1.819444      0.000000000000000E+000   16026854864.0864     
   1.820833      0.000000000000000E+000   16097294768.7706     
   1.822222      0.000000000000000E+000   16168965840.7389     
   1.823611      0.000000000000000E+000   16241861909.5699     
   1.825000      0.000000000000000E+000   16315967719.6035     
   1.826389      0.000000000000000E+000   16391271963.9896     
   1.827778      0.000000000000000E+000   16467770410.5196     
   1.829167      0.000000000000000E+000   16545450822.9184     
   1.830556      0.000000000000000E+000   16624297584.5235     
   1.831944      0.000000000000000E+000   16704297567.9121     
   1.833333      0.000000000000000E+000   16785441262.4020     
   1.834722      0.000000000000000E+000   16867711376.5087     
   1.836111      0.000000000000000E+000   16951098258.8244     
   1.837500      0.000000000000000E+000   17035597271.2245     
   1.838889      0.000000000000000E+000   17121194793.5761     
   1.840278      0.000000000000000E+000   17207870154.4591     
   1.841667      0.000000000000000E+000   17295610691.3061     
   1.843056      0.000000000000000E+000   17384404612.3807     
   1.844444      0.000000000000000E+000   17474233958.2923     
   1.845833      0.000000000000000E+000   17565078648.7092     
   1.847222      0.000000000000000E+000   17656914322.9034     
   1.848611      0.000000000000000E+000   17749718713.2761     
   1.850000      0.000000000000000E+000   17843465296.8501     
   1.851389      0.000000000000000E+000   17938127245.8207     
   1.852778      0.000000000000000E+000   18033669376.6872     
   1.854167      0.000000000000000E+000   18130058681.9267     
   1.855556      0.000000000000000E+000   18227251716.2212     
   1.856944      0.000000000000000E+000   18325214640.0450     
   1.858333      0.000000000000000E+000   18423909776.1807     
   1.859722      0.000000000000000E+000   18523315094.7552     
   1.861111      0.000000000000000E+000   18623390078.3152     
   1.862500      0.000000000000000E+000   18724104916.4766     
   1.863889      0.000000000000000E+000   18825426983.0348     
   1.865278      0.000000000000000E+000   18927321799.5195     
   1.866667      0.000000000000000E+000   19029748136.1260     
   1.868056      0.000000000000000E+000   19132669453.8642     
   1.869444      0.000000000000000E+000   19236044400.3933     
   1.870833      0.000000000000000E+000   19339827473.8056     
   1.872222      0.000000000000000E+000   19443974093.0565     
   1.873611      0.000000000000000E+000   19548439125.4322     
   1.875000      0.000000000000000E+000   19653187392.1249     
   1.876389      0.000000000000000E+000   19758177063.5225     
   1.877778      0.000000000000000E+000   19863365027.8302     
   1.879167      0.000000000000000E+000   19968721327.7759     
   1.880556      0.000000000000000E+000   20074208700.9995     
   1.881944      0.000000000000000E+000   20179784525.8892     
   1.883333      0.000000000000000E+000   20285435519.1275     
   1.884722      0.000000000000000E+000   20391107995.9753     
   1.886111      0.000000000000000E+000   20496759219.1432     
   1.887500      0.000000000000000E+000   20602351218.8015     
   1.888889      0.000000000000000E+000   20707832853.3786     
   1.890278      0.000000000000000E+000   20813163403.6940     
   1.891667      0.000000000000000E+000   20918293662.6615     
   1.893056      0.000000000000000E+000   21023178228.0721     
   1.894444      0.000000000000000E+000   21127721966.1859     
   1.895833      0.000000000000000E+000   21231969619.8158     
   1.897222      0.000000000000000E+000   21335799952.5891     
   1.898611      0.000000000000000E+000   21439202804.0595     
   1.900000      0.000000000000000E+000   21542192112.7221     
   1.901389      0.000000000000000E+000   21644599687.3339     
   1.902778      0.000000000000000E+000   21746532927.5895     
   1.904167      0.000000000000000E+000   21847850006.9268     
   1.905556      0.000000000000000E+000   21948565107.8168     
   1.906944      0.000000000000000E+000   22048659093.0873     
   1.908333      0.000000000000000E+000   22148024965.3436     
   1.909722      0.000000000000000E+000   22246704822.2466     
   1.911111      0.000000000000000E+000   22344605387.1296     
   1.912500      0.000000000000000E+000   22441701285.5573     
   1.913889      0.000000000000000E+000   22537942245.7201     
   1.915278      0.000000000000000E+000   22633331044.1301     
   1.916667      0.000000000000000E+000   22727800581.8779     
   1.918056      0.000000000000000E+000   22821323433.0859     
   1.919444      0.000000000000000E+000   22913863105.5454     
   1.920833      0.000000000000000E+000   23005415742.8300     
   1.922222      0.000000000000000E+000   23095975183.5778     
   1.923611      0.000000000000000E+000   23185502933.7251     
   1.925000      0.000000000000000E+000   23273950888.9941     
   1.926389      0.000000000000000E+000   23361309921.5824     
   1.927778      0.000000000000000E+000   23447566964.0515     
   1.929167      0.000000000000000E+000   23532690636.4658     
   1.930556      0.000000000000000E+000   23616641457.3946     
   1.931944      0.000000000000000E+000   23699405736.4694     
   1.933333      0.000000000000000E+000   23780998213.2936     
   1.934722      0.000000000000000E+000   23861359292.3087     
   1.936111      0.000000000000000E+000   23940419404.3139     
   1.937500      0.000000000000000E+000   24018220229.2437     
   1.938889      0.000000000000000E+000   24094663675.4529     
   1.940278      0.000000000000000E+000   24169751658.1095     
   1.941667      0.000000000000000E+000   24243493318.2972     
   1.943056      0.000000000000000E+000   24315835741.9977     
   1.944444      0.000000000000000E+000   24386757124.1877     
   1.945833      0.000000000000000E+000   24456242472.6114     
   1.947222      0.000000000000000E+000   24524275623.6150     
   1.948611      0.000000000000000E+000   24590848671.5000     
   1.950000      0.000000000000000E+000   24655955421.5276     
   1.951389      0.000000000000000E+000   24719599768.1629     
   1.952778      0.000000000000000E+000   24781772647.8348     
   1.954167      0.000000000000000E+000   24842465659.2122     
   1.955556      0.000000000000000E+000   24901662752.3534     
   1.956944      0.000000000000000E+000   24959350542.1001     
   1.958333      0.000000000000000E+000   25015505482.5937     
   1.959722      0.000000000000000E+000   25070117017.5038     
   1.961111      0.000000000000000E+000   25123171841.1360     
   1.962500      0.000000000000000E+000   25174670319.7956     
   1.963889      0.000000000000000E+000   25224601594.4149     
   1.965278      0.000000000000000E+000   25272974533.4684     
   1.966667      0.000000000000000E+000   25319779500.7869     
   1.968056      0.000000000000000E+000   25365024609.3440     
   1.969444      0.000000000000000E+000   25408699823.0614     
   1.970833      0.000000000000000E+000   25450797997.0550     
   1.972222      0.000000000000000E+000   25491314609.5987     
   1.973611      0.000000000000000E+000   25530257364.1706     
   1.975000      0.000000000000000E+000   25567617001.5710     
   1.976389      0.000000000000000E+000   25603402413.1658     
   1.977778      0.000000000000000E+000   25637609450.5798     
   1.979167      0.000000000000000E+000   25670243701.0651     
   1.980556      0.000000000000000E+000   25701298502.9515     
   1.981944      0.000000000000000E+000   25730769187.8942     
   1.983333      0.000000000000000E+000   25758657818.5057     
   1.984722      0.000000000000000E+000   25784972581.8859     
   1.986111      0.000000000000000E+000   25809719967.4330     
   1.987500      0.000000000000000E+000   25832918106.7702     
   1.988889      0.000000000000000E+000   25854580690.6457     
   1.990278      0.000000000000000E+000   25874722184.1651     
   1.991667      0.000000000000000E+000   25893358205.3012     
   1.993056      0.000000000000000E+000   25910504248.8361     
   1.994444      0.000000000000000E+000   25926179258.6053     
   1.995833      0.000000000000000E+000   25940404241.4325     
   1.997222      0.000000000000000E+000   25953177870.8820     
   1.998611      0.000000000000000E+000   25964518620.8765     
   2.000000      0.000000000000000E+000   25974442790.0184     
